Using pre-set license
Built from '2022.3/staging' branch; Version is '2022.3.24f1 (334eb2a0b267) revision 3362482'; Using compiler version '192829333'; Build Type 'Release'
OS: 'Windows 11  (10.0.22631) 64bit CoreSingleLanguage' Language: 'tr' Physical Memory: 16197 MB
BatchMode: 1, IsHumanControllingUs: 0, StartBugReporterOnCrash: 0, Is64bit: 1, IsPro: 1

COMMAND LINE ARGUMENTS:
C:\Program Files\Unity\Hub\Editor\2022.3.24f1\Editor\Unity.exe
-adb2
-batchMode
-noUpm
-name
AssetImportWorker5
-projectPath
C:/Users/SOTH/Documents/GitHub/L7/My project
-logFile
Logs/AssetImportWorker5.log
-srvPort
50138
Successfully changed project path to: C:/Users/SOTH/Documents/GitHub/L7/My project
C:/Users/SOTH/Documents/GitHub/L7/My project
[UnityMemory] Configuration Parameters - Can be set up in boot.config
    "memorysetup-bucket-allocator-granularity=16"
    "memorysetup-bucket-allocator-bucket-count=8"
    "memorysetup-bucket-allocator-block-size=33554432"
    "memorysetup-bucket-allocator-block-count=8"
    "memorysetup-main-allocator-block-size=16777216"
    "memorysetup-thread-allocator-block-size=16777216"
    "memorysetup-gfx-main-allocator-block-size=16777216"
    "memorysetup-gfx-thread-allocator-block-size=16777216"
    "memorysetup-cache-allocator-block-size=4194304"
    "memorysetup-typetree-allocator-block-size=2097152"
    "memorysetup-profiler-bucket-allocator-granularity=16"
    "memorysetup-profiler-bucket-allocator-bucket-count=8"
    "memorysetup-profiler-bucket-allocator-block-size=33554432"
    "memorysetup-profiler-bucket-allocator-block-count=8"
    "memorysetup-profiler-allocator-block-size=16777216"
    "memorysetup-profiler-editor-allocator-block-size=1048576"
    "memorysetup-temp-allocator-size-main=16777216"
    "memorysetup-job-temp-allocator-block-size=2097152"
    "memorysetup-job-temp-allocator-block-size-background=1048576"
    "memorysetup-job-temp-allocator-reduction-small-platforms=262144"
    "memorysetup-allocator-temp-initial-block-size-main=262144"
    "memorysetup-allocator-temp-initial-block-size-worker=262144"
    "memorysetup-temp-allocator-size-background-worker=32768"
    "memorysetup-temp-allocator-size-job-worker=262144"
    "memorysetup-temp-allocator-size-preload-manager=33554432"
    "memorysetup-temp-allocator-size-nav-mesh-worker=65536"
    "memorysetup-temp-allocator-size-audio-worker=65536"
    "memorysetup-temp-allocator-size-cloud-worker=32768"
    "memorysetup-temp-allocator-size-gi-baking-worker=262144"
    "memorysetup-temp-allocator-size-gfx=262144"
Player connection [23360] Host "[IP] 192.168.1.127 [Port] 0 [Flags] 2 [Guid] 1826332936 [EditorId] 1826332936 [Version] 1048832 [Id] WindowsEditor(7,HouseOfTheHawk) [Debug] 1 [PackageName] WindowsEditor [ProjectName] Editor" joined multi-casting on [225.0.0.222:54997]...

Player connection [23360] Host "[IP] 192.168.1.127 [Port] 0 [Flags] 2 [Guid] 1826332936 [EditorId] 1826332936 [Version] 1048832 [Id] WindowsEditor(7,HouseOfTheHawk) [Debug] 1 [PackageName] WindowsEditor [ProjectName] Editor" joined alternative multi-casting on [225.0.0.222:34997]...

[Physics::Module] Initialized MultithreadedJobDispatcher with 11 workers.
Refreshing native plugins compatible for Editor in 5.63 ms, found 3 plugins.
Preloading 0 native plugins for Editor in 0.00 ms.
Initialize engine version: 2022.3.24f1 (334eb2a0b267)
[Subsystems] Discovering subsystems at path C:/Program Files/Unity/Hub/Editor/2022.3.24f1/Editor/Data/Resources/UnitySubsystems
[Subsystems] Discovering subsystems at path C:/Users/SOTH/Documents/GitHub/L7/My project/Assets
GfxDevice: creating device client; threaded=0; jobified=0
Direct3D:
    Version:  Direct3D 11.0 [level 11.1]
    Renderer: NVIDIA GeForce RTX 3060 (ID=0x2544)
    Vendor:   NVIDIA
    VRAM:     8036 MB
    Driver:   32.0.15.6094
Initialize mono
Mono path[0] = 'C:/Program Files/Unity/Hub/Editor/2022.3.24f1/Editor/Data/Managed'
Mono path[1] = 'C:/Program Files/Unity/Hub/Editor/2022.3.24f1/Editor/Data/MonoBleedingEdge/lib/mono/unityjit-win32'
Mono config path = 'C:/Program Files/Unity/Hub/Editor/2022.3.24f1/Editor/Data/MonoBleedingEdge/etc'
Using monoOptions --debugger-agent=transport=dt_socket,embedding=1,server=y,suspend=n,address=127.0.0.1:56368
Begin MonoManager ReloadAssembly
Registering precompiled unity dll's ...
Register platform support module: C:/Program Files/Unity/Hub/Editor/2022.3.24f1/Editor/Data/PlaybackEngines/AndroidPlayer/UnityEditor.Android.Extensions.dll
Register platform support module: C:/Program Files/Unity/Hub/Editor/2022.3.24f1/Editor/Data/PlaybackEngines/iOSSupport/UnityEditor.iOS.Extensions.dll
Register platform support module: C:/Program Files/Unity/Hub/Editor/2022.3.24f1/Editor/Data/PlaybackEngines/WindowsStandaloneSupport/UnityEditor.WindowsStandalone.Extensions.dll
Registered in 0.006790 seconds.
- Loaded All Assemblies, in  0.260 seconds
Native extension for WindowsStandalone target not found
[usbmuxd] Start listen thread
[usbmuxd] Listen thread started
[usbmuxd] Send listen message
Native extension for iOS target not found
Native extension for Android target not found
Android Extension - Scanning For ADB Devices 109 ms
Mono: successfully reloaded assembly
- Finished resetting the current domain, in  0.344 seconds
Domain Reload Profiling: 603ms
	BeginReloadAssembly (77ms)
		ExecutionOrderSort (0ms)
		DisableScriptedObjects (0ms)
		BackupInstance (0ms)
		ReleaseScriptingObjects (0ms)
		CreateAndSetChildDomain (1ms)
	RebuildCommonClasses (27ms)
	RebuildNativeTypeToScriptingClass (10ms)
	initialDomainReloadingComplete (48ms)
	LoadAllAssembliesAndSetupDomain (97ms)
		LoadAssemblies (77ms)
		RebuildTransferFunctionScriptingTraits (0ms)
		AnalyzeDomain (95ms)
			TypeCache.Refresh (94ms)
				TypeCache.ScanAssembly (85ms)
			ScanForSourceGeneratedMonoScriptInfo (0ms)
			ResolveRequiredComponents (0ms)
	FinalizeReload (344ms)
		ReleaseScriptCaches (0ms)
		RebuildScriptCaches (0ms)
		SetupLoadedEditorAssemblies (306ms)
			LogAssemblyErrors (0ms)
			InitializePlatformSupportModulesInManaged (192ms)
			SetLoadedEditorAssemblies (3ms)
			RefreshPlugins (0ms)
			BeforeProcessingInitializeOnLoad (1ms)
			ProcessInitializeOnLoadAttributes (79ms)
			ProcessInitializeOnLoadMethodAttributes (30ms)
			AfterProcessingInitializeOnLoad (0ms)
			EditorAssembliesLoaded (0ms)
		ExecutionOrderSort2 (0ms)
		AwakeInstancesAfterBackupRestoration (0ms)
========================================================================
Worker process is ready to serve import requests
Begin MonoManager ReloadAssembly
- Loaded All Assemblies, in  0.408 seconds
Refreshing native plugins compatible for Editor in 2.92 ms, found 3 plugins.
Native extension for WindowsStandalone target not found
Native extension for iOS target not found
Native extension for Android target not found
Package Manager log level set to [2]
[Package Manager] Server::EnsureServerProcessIsRunning -- launch failed, reason: Unity was launched with the -noUpm command-line argument
[Package Manager] UpmClient::Send -- Unable to send message (not connected to UPM process).
[Package Manager] Cannot connect to Unity Package Manager local server
Mono: successfully reloaded assembly
[Package Manager] Server::EnsureServerProcessIsRunning -- launch failed, reason: Unity was launched with the -noUpm command-line argument
[Package Manager] UpmClient::Send -- Unable to send message (not connected to UPM process).
[Package Manager] Cannot connect to Unity Package Manager local server
[Package Manager] Server::EnsureServerProcessIsRunning -- launch failed, reason: Unity was launched with the -noUpm command-line argument
[Package Manager] UpmClient::Send -- Unable to send message (not connected to UPM process).
[Package Manager] Cannot connect to Unity Package Manager local server
- Finished resetting the current domain, in  0.424 seconds
Domain Reload Profiling: 830ms
	BeginReloadAssembly (99ms)
		ExecutionOrderSort (0ms)
		DisableScriptedObjects (4ms)
		BackupInstance (0ms)
		ReleaseScriptingObjects (0ms)
		CreateAndSetChildDomain (14ms)
	RebuildCommonClasses (24ms)
	RebuildNativeTypeToScriptingClass (7ms)
	initialDomainReloadingComplete (27ms)
	LoadAllAssembliesAndSetupDomain (250ms)
		LoadAssemblies (199ms)
		RebuildTransferFunctionScriptingTraits (0ms)
		AnalyzeDomain (110ms)
			TypeCache.Refresh (95ms)
				TypeCache.ScanAssembly (83ms)
			ScanForSourceGeneratedMonoScriptInfo (11ms)
			ResolveRequiredComponents (3ms)
	FinalizeReload (424ms)
		ReleaseScriptCaches (0ms)
		RebuildScriptCaches (0ms)
		SetupLoadedEditorAssemblies (322ms)
			LogAssemblyErrors (0ms)
			InitializePlatformSupportModulesInManaged (24ms)
			SetLoadedEditorAssemblies (2ms)
			RefreshPlugins (0ms)
			BeforeProcessingInitializeOnLoad (39ms)
			ProcessInitializeOnLoadAttributes (238ms)
			ProcessInitializeOnLoadMethodAttributes (15ms)
			AfterProcessingInitializeOnLoad (3ms)
			EditorAssembliesLoaded (0ms)
		ExecutionOrderSort2 (0ms)
		AwakeInstancesAfterBackupRestoration (4ms)
Launched and connected shader compiler UnityShaderCompiler.exe after 0.04 seconds
Refreshing native plugins compatible for Editor in 2.97 ms, found 3 plugins.
Preloading 0 native plugins for Editor in 0.00 ms.
Unloading 3236 Unused Serialized files (Serialized files now loaded: 0)
Unloading 42 unused Assets / (35.5 KB). Loaded Objects now: 3711.
Memory consumption went from 142.7 MB to 142.7 MB.
Total: 2.230000 ms (FindLiveObjects: 0.157400 ms CreateObjectMapping: 0.062000 ms MarkObjects: 1.960400 ms  DeleteObjects: 0.049400 ms)

AssetImportParameters requested are different than current active one (requested -> active):
  custom:container-demuxer-ogg: 62fdf1f143b41e24485cea50d1cbac27 -> 
  custom:video-decoder-ogg-theora: a1e56fd34408186e4bbccfd4996cb3dc -> 
  custom:framework-win-MediaFoundation: 216162199b28c13a410421893ffa2e32 -> 
  custom:CustomObjectIndexerAttribute: 9a22284fe3817be447336de3de66b15e -> 
  custom:container-demuxer-webm: 4f35f7cbe854078d1ac9338744f61a02 -> 
  custom:scripting/monoscript/fileName/ChangeLevel.cs: 8a5e164792a2ad6ff61be4234c8b0f1a -> 
  custom:container-muxer-webm: aa71ff27fc2769a1b78a27578f13a17b -> 
  custom:video-decoder-webm-vp8: 9c59270c3fd7afecdb556c50c9e8de78 -> 
  custom:SearchIndexIgnoredProperties: e643bd26f0fe6173181afceb89e7c659 -> 
  custom:AudioImporter_EditorPlatform: d09bf68614088b80899f8185d706f6e7 -> 
  custom:video-encoder-webm-vp8: eb34c28f22e8b96e1ab97ce403110664 -> 
  custom:audio-decoder-ogg-vorbis: bf7c407c2cedff20999df2af8eb42d56 -> 
  custom:audio-encoder-webm-vorbis: bf7c407c2cedff20999df2af8eb42d56 -> 
========================================================================
Received Import Request.
  Time since last request: 19315.596493 seconds.
  path: Assets/Project/Prefabs/Levels/Level4.prefab
  artifactKey: Guid(c72cce76822fe244c810f2d697c519bb) Importer(815301076,1909f56bfc062723c751e8b465ee728b)
Start importing Assets/Project/Prefabs/Levels/Level4.prefab using Guid(c72cce76822fe244c810f2d697c519bb) Importer(815301076,1909f56bfc062723c751e8b465ee728b)  -> (artifact id: '299a287f35a984a8639dae814e559279') in 0.229348 seconds
Number of updated asset objects reloaded before import = 0
Number of asset objects unloaded after import = 848
========================================================================
Received Import Request.
  Time since last request: 1.383672 seconds.
  path: Assets/Project/Prefabs/Levels/Level4.prefab
  artifactKey: Guid(c72cce76822fe244c810f2d697c519bb) Importer(815301076,1909f56bfc062723c751e8b465ee728b)
Start importing Assets/Project/Prefabs/Levels/Level4.prefab using Guid(c72cce76822fe244c810f2d697c519bb) Importer(815301076,1909f56bfc062723c751e8b465ee728b)  -> (artifact id: '44d6b814b8f3ad9a42852a326875e6ad') in 0.022280 seconds
Number of updated asset objects reloaded before import = 0
Number of asset objects unloaded after import = 852
========================================================================
Received Import Request.
  Time since last request: 0.000013 seconds.
  path: Assets/Project/Prefabs/Levels/Level5.prefab
  artifactKey: Guid(11c735e1a3f396a4791ca6aef277c3e1) Importer(815301076,1909f56bfc062723c751e8b465ee728b)
Start importing Assets/Project/Prefabs/Levels/Level5.prefab using Guid(11c735e1a3f396a4791ca6aef277c3e1) Importer(815301076,1909f56bfc062723c751e8b465ee728b)  -> (artifact id: '5aca1d0fbb0d810f3fe439c1b658132a') in 0.017722 seconds
Number of updated asset objects reloaded before import = 0
Number of asset objects unloaded after import = 852
========================================================================
Received Import Request.
  Time since last request: 0.161637 seconds.
  path: Assets/Project/Prefabs/Levels/Level4.prefab
  artifactKey: Guid(c72cce76822fe244c810f2d697c519bb) Importer(815301076,1909f56bfc062723c751e8b465ee728b)
Start importing Assets/Project/Prefabs/Levels/Level4.prefab using Guid(c72cce76822fe244c810f2d697c519bb) Importer(815301076,1909f56bfc062723c751e8b465ee728b)  -> (artifact id: '37dc92d5de5911ee3aa4b2b4221fafc0') in 0.019220 seconds
Number of updated asset objects reloaded before import = 0
Number of asset objects unloaded after import = 856
========================================================================
Received Import Request.
  Time since last request: 0.000013 seconds.
  path: Assets/Project/Prefabs/Levels/Level5.prefab
  artifactKey: Guid(11c735e1a3f396a4791ca6aef277c3e1) Importer(815301076,1909f56bfc062723c751e8b465ee728b)
Start importing Assets/Project/Prefabs/Levels/Level5.prefab using Guid(11c735e1a3f396a4791ca6aef277c3e1) Importer(815301076,1909f56bfc062723c751e8b465ee728b)  -> (artifact id: '55ab5f96c3806a579aa800e5809a6498') in 0.018008 seconds
Number of updated asset objects reloaded before import = 0
Number of asset objects unloaded after import = 856
========================================================================
Received Import Request.
  Time since last request: 0.159580 seconds.
  path: Assets/Project/Prefabs/Levels/Level4.prefab
  artifactKey: Guid(c72cce76822fe244c810f2d697c519bb) Importer(815301076,1909f56bfc062723c751e8b465ee728b)
Start importing Assets/Project/Prefabs/Levels/Level4.prefab using Guid(c72cce76822fe244c810f2d697c519bb) Importer(815301076,1909f56bfc062723c751e8b465ee728b)  -> (artifact id: '3fcdf3d4121ffdb46e83e44455baf5f6') in 0.018834 seconds
Number of updated asset objects reloaded before import = 0
Number of asset objects unloaded after import = 860
========================================================================
Received Import Request.
  Time since last request: 0.000018 seconds.
  path: Assets/Project/Prefabs/Levels/Level6.prefab
  artifactKey: Guid(c564e8c6cda94c241bb64ea9e84389de) Importer(815301076,1909f56bfc062723c751e8b465ee728b)
Start importing Assets/Project/Prefabs/Levels/Level6.prefab using Guid(c564e8c6cda94c241bb64ea9e84389de) Importer(815301076,1909f56bfc062723c751e8b465ee728b)  -> (artifact id: 'aac4922e0c4ff6987a87bab6d42478fd') in 0.017798 seconds
Number of updated asset objects reloaded before import = 0
Number of asset objects unloaded after import = 860
========================================================================
Received Import Request.
  Time since last request: 0.158771 seconds.
  path: Assets/Project/Prefabs/Levels/Level4.prefab
  artifactKey: Guid(c72cce76822fe244c810f2d697c519bb) Importer(815301076,1909f56bfc062723c751e8b465ee728b)
Start importing Assets/Project/Prefabs/Levels/Level4.prefab using Guid(c72cce76822fe244c810f2d697c519bb) Importer(815301076,1909f56bfc062723c751e8b465ee728b)  -> (artifact id: 'bed37aa6d0f714b035c74f858557ce58') in 0.023098 seconds
Number of updated asset objects reloaded before import = 0
Number of asset objects unloaded after import = 864
========================================================================
Received Import Request.
  Time since last request: 0.000015 seconds.
  path: Assets/Project/Prefabs/Levels/Level5.prefab
  artifactKey: Guid(11c735e1a3f396a4791ca6aef277c3e1) Importer(815301076,1909f56bfc062723c751e8b465ee728b)
Start importing Assets/Project/Prefabs/Levels/Level5.prefab using Guid(11c735e1a3f396a4791ca6aef277c3e1) Importer(815301076,1909f56bfc062723c751e8b465ee728b)  -> (artifact id: '5ef1f98225edb4fc29935dedceb51341') in 0.019831 seconds
Number of updated asset objects reloaded before import = 0
Number of asset objects unloaded after import = 864
========================================================================
Received Import Request.
  Time since last request: 0.154375 seconds.
  path: Assets/Project/Prefabs/Levels/Level4.prefab
  artifactKey: Guid(c72cce76822fe244c810f2d697c519bb) Importer(815301076,1909f56bfc062723c751e8b465ee728b)
Start importing Assets/Project/Prefabs/Levels/Level4.prefab using Guid(c72cce76822fe244c810f2d697c519bb) Importer(815301076,1909f56bfc062723c751e8b465ee728b)  -> (artifact id: 'a43a8435ead6e4f832b9cb00f65a2279') in 0.019445 seconds
Number of updated asset objects reloaded before import = 0
Number of asset objects unloaded after import = 868
========================================================================
Received Import Request.
  Time since last request: 0.000018 seconds.
  path: Assets/Project/Prefabs/Levels/Level7.prefab
  artifactKey: Guid(6c91b0274df89c94b8306c9e12de47fd) Importer(815301076,1909f56bfc062723c751e8b465ee728b)
Start importing Assets/Project/Prefabs/Levels/Level7.prefab using Guid(6c91b0274df89c94b8306c9e12de47fd) Importer(815301076,1909f56bfc062723c751e8b465ee728b)  -> (artifact id: 'de4393a132bb91e498086946cbb6568e') in 0.018483 seconds
Number of updated asset objects reloaded before import = 0
Number of asset objects unloaded after import = 868
========================================================================
Received Import Request.
  Time since last request: 0.160334 seconds.
  path: Assets/Project/Prefabs/Levels/Level4.prefab
  artifactKey: Guid(c72cce76822fe244c810f2d697c519bb) Importer(815301076,1909f56bfc062723c751e8b465ee728b)
Start importing Assets/Project/Prefabs/Levels/Level4.prefab using Guid(c72cce76822fe244c810f2d697c519bb) Importer(815301076,1909f56bfc062723c751e8b465ee728b)  -> (artifact id: '59dbc14827ee355c7d31d9edfea0f437') in 0.024996 seconds
Number of updated asset objects reloaded before import = 0
Number of asset objects unloaded after import = 872
========================================================================
Received Import Request.
  Time since last request: 0.000016 seconds.
  path: Assets/Project/Prefabs/Levels/Level5.prefab
  artifactKey: Guid(11c735e1a3f396a4791ca6aef277c3e1) Importer(815301076,1909f56bfc062723c751e8b465ee728b)
Start importing Assets/Project/Prefabs/Levels/Level5.prefab using Guid(11c735e1a3f396a4791ca6aef277c3e1) Importer(815301076,1909f56bfc062723c751e8b465ee728b)  -> (artifact id: '7bd8340323d5d9c91ea01177494b886e') in 0.023383 seconds
Number of updated asset objects reloaded before import = 0
Number of asset objects unloaded after import = 872
========================================================================
Received Import Request.
  Time since last request: 0.149477 seconds.
  path: Assets/Project/Prefabs/Levels/Level4.prefab
  artifactKey: Guid(c72cce76822fe244c810f2d697c519bb) Importer(815301076,1909f56bfc062723c751e8b465ee728b)
Start importing Assets/Project/Prefabs/Levels/Level4.prefab using Guid(c72cce76822fe244c810f2d697c519bb) Importer(815301076,1909f56bfc062723c751e8b465ee728b)  -> (artifact id: '82d1add0c0603d75cc6dca93c15c9d41') in 0.024264 seconds
Number of updated asset objects reloaded before import = 0
Number of asset objects unloaded after import = 876
========================================================================
Received Import Request.
  Time since last request: 0.000014 seconds.
  path: Assets/Project/Prefabs/Levels/Level5.prefab
  artifactKey: Guid(11c735e1a3f396a4791ca6aef277c3e1) Importer(815301076,1909f56bfc062723c751e8b465ee728b)
Start importing Assets/Project/Prefabs/Levels/Level5.prefab using Guid(11c735e1a3f396a4791ca6aef277c3e1) Importer(815301076,1909f56bfc062723c751e8b465ee728b)  -> (artifact id: 'ca25d9451102a411dd208853bda4c0b7') in 0.020708 seconds
Number of updated asset objects reloaded before import = 0
Number of asset objects unloaded after import = 876
========================================================================
Received Import Request.
  Time since last request: 19.297220 seconds.
  path: Assets/Project/Prefabs/Levels/Level4.prefab
  artifactKey: Guid(c72cce76822fe244c810f2d697c519bb) Importer(815301076,1909f56bfc062723c751e8b465ee728b)
Start importing Assets/Project/Prefabs/Levels/Level4.prefab using Guid(c72cce76822fe244c810f2d697c519bb) Importer(815301076,1909f56bfc062723c751e8b465ee728b)  -> (artifact id: '0e5a503b57cdd73bebb1f47de04e2e3e') in 0.018645 seconds
Number of updated asset objects reloaded before import = 0
Number of asset objects unloaded after import = 880
========================================================================
Received Import Request.
  Time since last request: 0.000015 seconds.
  path: Assets/Project/Prefabs/Levels/Level5.prefab
  artifactKey: Guid(11c735e1a3f396a4791ca6aef277c3e1) Importer(815301076,1909f56bfc062723c751e8b465ee728b)
Start importing Assets/Project/Prefabs/Levels/Level5.prefab using Guid(11c735e1a3f396a4791ca6aef277c3e1) Importer(815301076,1909f56bfc062723c751e8b465ee728b)  -> (artifact id: '4a3c3e26fc9bff01742e71b9aa45eaf8') in 0.019392 seconds
Number of updated asset objects reloaded before import = 0
Number of asset objects unloaded after import = 880
========================================================================
Received Import Request.
  Time since last request: 0.155979 seconds.
  path: Assets/Project/Prefabs/Levels/Level4.prefab
  artifactKey: Guid(c72cce76822fe244c810f2d697c519bb) Importer(815301076,1909f56bfc062723c751e8b465ee728b)
Start importing Assets/Project/Prefabs/Levels/Level4.prefab using Guid(c72cce76822fe244c810f2d697c519bb) Importer(815301076,1909f56bfc062723c751e8b465ee728b)  -> (artifact id: 'e8e833eeadd9c0ccac5e8a16aa5369eb') in 0.019596 seconds
Number of updated asset objects reloaded before import = 0
Number of asset objects unloaded after import = 884
========================================================================
Received Import Request.
  Time since last request: 0.000017 seconds.
  path: Assets/Project/Prefabs/Levels/Level5.prefab
  artifactKey: Guid(11c735e1a3f396a4791ca6aef277c3e1) Importer(815301076,1909f56bfc062723c751e8b465ee728b)
Start importing Assets/Project/Prefabs/Levels/Level5.prefab using Guid(11c735e1a3f396a4791ca6aef277c3e1) Importer(815301076,1909f56bfc062723c751e8b465ee728b)  -> (artifact id: '314987bb0dcbd5181333d38e52b3197e') in 0.016945 seconds
Number of updated asset objects reloaded before import = 0
Number of asset objects unloaded after import = 884
========================================================================
Received Import Request.
  Time since last request: 0.155674 seconds.
  path: Assets/Project/Prefabs/Levels/Level4.prefab
  artifactKey: Guid(c72cce76822fe244c810f2d697c519bb) Importer(815301076,1909f56bfc062723c751e8b465ee728b)
Start importing Assets/Project/Prefabs/Levels/Level4.prefab using Guid(c72cce76822fe244c810f2d697c519bb) Importer(815301076,1909f56bfc062723c751e8b465ee728b)  -> (artifact id: '9f157aa108e5422008a951b95a9fc2f3') in 0.020285 seconds
Number of updated asset objects reloaded before import = 0
Number of asset objects unloaded after import = 888
========================================================================
Received Import Request.
  Time since last request: 0.000014 seconds.
  path: Assets/Project/Prefabs/Levels/Level5.prefab
  artifactKey: Guid(11c735e1a3f396a4791ca6aef277c3e1) Importer(815301076,1909f56bfc062723c751e8b465ee728b)
Start importing Assets/Project/Prefabs/Levels/Level5.prefab using Guid(11c735e1a3f396a4791ca6aef277c3e1) Importer(815301076,1909f56bfc062723c751e8b465ee728b)  -> (artifact id: 'f5c21690460932c360f11292871ebf72') in 0.020258 seconds
Number of updated asset objects reloaded before import = 0
Number of asset objects unloaded after import = 888
========================================================================
Received Import Request.
  Time since last request: 0.165858 seconds.
  path: Assets/Project/Prefabs/Levels/Level4.prefab
  artifactKey: Guid(c72cce76822fe244c810f2d697c519bb) Importer(815301076,1909f56bfc062723c751e8b465ee728b)
Start importing Assets/Project/Prefabs/Levels/Level4.prefab using Guid(c72cce76822fe244c810f2d697c519bb) Importer(815301076,1909f56bfc062723c751e8b465ee728b)  -> (artifact id: 'fb84eaf6d3b3e33b6cfeb6e9551cd02c') in 0.020026 seconds
Number of updated asset objects reloaded before import = 0
Number of asset objects unloaded after import = 896
========================================================================
Received Import Request.
  Time since last request: 0.000015 seconds.
  path: Assets/Project/Prefabs/Levels/Level5.prefab
  artifactKey: Guid(11c735e1a3f396a4791ca6aef277c3e1) Importer(815301076,1909f56bfc062723c751e8b465ee728b)
Start importing Assets/Project/Prefabs/Levels/Level5.prefab using Guid(11c735e1a3f396a4791ca6aef277c3e1) Importer(815301076,1909f56bfc062723c751e8b465ee728b)  -> (artifact id: '3d865cb370d54dc53ca146a0b8f42e5f') in 0.018466 seconds
Number of updated asset objects reloaded before import = 0
Number of asset objects unloaded after import = 896
========================================================================
Received Import Request.
  Time since last request: 0.160201 seconds.
  path: Assets/Project/Prefabs/Levels/Level4.prefab
  artifactKey: Guid(c72cce76822fe244c810f2d697c519bb) Importer(815301076,1909f56bfc062723c751e8b465ee728b)
Start importing Assets/Project/Prefabs/Levels/Level4.prefab using Guid(c72cce76822fe244c810f2d697c519bb) Importer(815301076,1909f56bfc062723c751e8b465ee728b)  -> (artifact id: 'adb9354666eff50771b292e6db0db2ce') in 0.021263 seconds
Number of updated asset objects reloaded before import = 0
Number of asset objects unloaded after import = 900
========================================================================
Received Import Request.
  Time since last request: 0.000018 seconds.
  path: Assets/Project/Prefabs/Levels/Level5.prefab
  artifactKey: Guid(11c735e1a3f396a4791ca6aef277c3e1) Importer(815301076,1909f56bfc062723c751e8b465ee728b)
Start importing Assets/Project/Prefabs/Levels/Level5.prefab using Guid(11c735e1a3f396a4791ca6aef277c3e1) Importer(815301076,1909f56bfc062723c751e8b465ee728b)  -> (artifact id: 'e60ac6c166470b96de71397b54e060e6') in 0.019275 seconds
Number of updated asset objects reloaded before import = 0
Number of asset objects unloaded after import = 900
========================================================================
Received Import Request.
  Time since last request: 0.765183 seconds.
  path: Assets/Project/Prefabs/Levels/Level4.prefab
  artifactKey: Guid(c72cce76822fe244c810f2d697c519bb) Importer(815301076,1909f56bfc062723c751e8b465ee728b)
Start importing Assets/Project/Prefabs/Levels/Level4.prefab using Guid(c72cce76822fe244c810f2d697c519bb) Importer(815301076,1909f56bfc062723c751e8b465ee728b)  -> (artifact id: '2213f2f0a2a5f5a0383ffc0d661924cd') in 0.018482 seconds
Number of updated asset objects reloaded before import = 0
Number of asset objects unloaded after import = 904
========================================================================
Received Import Request.
  Time since last request: 0.000017 seconds.
  path: Assets/Project/Prefabs/Levels/Level7.prefab
  artifactKey: Guid(6c91b0274df89c94b8306c9e12de47fd) Importer(815301076,1909f56bfc062723c751e8b465ee728b)
Start importing Assets/Project/Prefabs/Levels/Level7.prefab using Guid(6c91b0274df89c94b8306c9e12de47fd) Importer(815301076,1909f56bfc062723c751e8b465ee728b)  -> (artifact id: 'c2160ebe2b2d7299e4ad5c1ca6c7f399') in 0.020048 seconds
Number of updated asset objects reloaded before import = 0
Number of asset objects unloaded after import = 904
========================================================================
Received Import Request.
  Time since last request: 3.590785 seconds.
  path: Assets/Project/Prefabs/Levels/Level4.prefab
  artifactKey: Guid(c72cce76822fe244c810f2d697c519bb) Importer(815301076,1909f56bfc062723c751e8b465ee728b)
Start importing Assets/Project/Prefabs/Levels/Level4.prefab using Guid(c72cce76822fe244c810f2d697c519bb) Importer(815301076,1909f56bfc062723c751e8b465ee728b)  -> (artifact id: '8e654e4fd060744f9e9aa4a47b5b4fb9') in 0.029968 seconds
Number of updated asset objects reloaded before import = 0
Number of asset objects unloaded after import = 904
========================================================================
Received Import Request.
  Time since last request: 0.000018 seconds.
  path: Assets/Project/Prefabs/Levels/Level6.prefab
  artifactKey: Guid(c564e8c6cda94c241bb64ea9e84389de) Importer(815301076,1909f56bfc062723c751e8b465ee728b)
Start importing Assets/Project/Prefabs/Levels/Level6.prefab using Guid(c564e8c6cda94c241bb64ea9e84389de) Importer(815301076,1909f56bfc062723c751e8b465ee728b)  -> (artifact id: '0f97b24c722e0820adf37e7f3f8abeac') in 0.027837 seconds
Number of updated asset objects reloaded before import = 0
Number of asset objects unloaded after import = 904
========================================================================
Received Import Request.
  Time since last request: 0.742212 seconds.
  path: Assets/Project/Prefabs/Levels/Level4.prefab
  artifactKey: Guid(c72cce76822fe244c810f2d697c519bb) Importer(815301076,1909f56bfc062723c751e8b465ee728b)
Start importing Assets/Project/Prefabs/Levels/Level4.prefab using Guid(c72cce76822fe244c810f2d697c519bb) Importer(815301076,1909f56bfc062723c751e8b465ee728b)  -> (artifact id: 'd0786ed0de6a148852169657669ab0b0') in 0.018618 seconds
Number of updated asset objects reloaded before import = 0
Number of asset objects unloaded after import = 904
========================================================================
Received Import Request.
  Time since last request: 0.000013 seconds.
  path: Assets/Project/Prefabs/Levels/Level5.prefab
  artifactKey: Guid(11c735e1a3f396a4791ca6aef277c3e1) Importer(815301076,1909f56bfc062723c751e8b465ee728b)
Start importing Assets/Project/Prefabs/Levels/Level5.prefab using Guid(11c735e1a3f396a4791ca6aef277c3e1) Importer(815301076,1909f56bfc062723c751e8b465ee728b)  -> (artifact id: '0ffe3b2e386443f3022038db80830dc7') in 0.016145 seconds
Number of updated asset objects reloaded before import = 0
Number of asset objects unloaded after import = 904
========================================================================
Received Import Request.
  Time since last request: 0.970859 seconds.
  path: Assets/Project/Prefabs/Levels/Level4.prefab
  artifactKey: Guid(c72cce76822fe244c810f2d697c519bb) Importer(815301076,1909f56bfc062723c751e8b465ee728b)
Start importing Assets/Project/Prefabs/Levels/Level4.prefab using Guid(c72cce76822fe244c810f2d697c519bb) Importer(815301076,1909f56bfc062723c751e8b465ee728b)  -> (artifact id: '6178b48fba11e4b184d0dbd221c1eca5') in 0.020488 seconds
Number of updated asset objects reloaded before import = 0
Number of asset objects unloaded after import = 904
========================================================================
Received Import Request.
  Time since last request: 0.000013 seconds.
  path: Assets/Project/Prefabs/Levels/Level6.prefab
  artifactKey: Guid(c564e8c6cda94c241bb64ea9e84389de) Importer(815301076,1909f56bfc062723c751e8b465ee728b)
Start importing Assets/Project/Prefabs/Levels/Level6.prefab using Guid(c564e8c6cda94c241bb64ea9e84389de) Importer(815301076,1909f56bfc062723c751e8b465ee728b)  -> (artifact id: '04eab6c9f2fe5d5474972f2bf6cfc0cd') in 0.019577 seconds
Number of updated asset objects reloaded before import = 0
Number of asset objects unloaded after import = 904
========================================================================
Received Import Request.
  Time since last request: 0.976103 seconds.
  path: Assets/Project/Prefabs/Levels/Level4.prefab
  artifactKey: Guid(c72cce76822fe244c810f2d697c519bb) Importer(815301076,1909f56bfc062723c751e8b465ee728b)
Start importing Assets/Project/Prefabs/Levels/Level4.prefab using Guid(c72cce76822fe244c810f2d697c519bb) Importer(815301076,1909f56bfc062723c751e8b465ee728b)  -> (artifact id: 'e1bc76942888004278803c0b000784b5') in 0.019575 seconds
Number of updated asset objects reloaded before import = 0
Number of asset objects unloaded after import = 904
========================================================================
Received Import Request.
  Time since last request: 0.000016 seconds.
  path: Assets/Project/Prefabs/Levels/Level6.prefab
  artifactKey: Guid(c564e8c6cda94c241bb64ea9e84389de) Importer(815301076,1909f56bfc062723c751e8b465ee728b)
Start importing Assets/Project/Prefabs/Levels/Level6.prefab using Guid(c564e8c6cda94c241bb64ea9e84389de) Importer(815301076,1909f56bfc062723c751e8b465ee728b)  -> (artifact id: '7d3c6ebe159c8ef6dc124eac1273ee3d') in 0.017773 seconds
Number of updated asset objects reloaded before import = 0
Number of asset objects unloaded after import = 904
========================================================================
Received Import Request.
  Time since last request: 0.960592 seconds.
  path: Assets/Project/Prefabs/Levels/Level4.prefab
  artifactKey: Guid(c72cce76822fe244c810f2d697c519bb) Importer(815301076,1909f56bfc062723c751e8b465ee728b)
Start importing Assets/Project/Prefabs/Levels/Level4.prefab using Guid(c72cce76822fe244c810f2d697c519bb) Importer(815301076,1909f56bfc062723c751e8b465ee728b)  -> (artifact id: '00c23ccc1cbadcb23ced8ccb24839450') in 0.020230 seconds
Number of updated asset objects reloaded before import = 0
Number of asset objects unloaded after import = 904
========================================================================
Received Import Request.
  Time since last request: 0.000017 seconds.
  path: Assets/Project/Prefabs/Levels/Level7.prefab
  artifactKey: Guid(6c91b0274df89c94b8306c9e12de47fd) Importer(815301076,1909f56bfc062723c751e8b465ee728b)
Start importing Assets/Project/Prefabs/Levels/Level7.prefab using Guid(6c91b0274df89c94b8306c9e12de47fd) Importer(815301076,1909f56bfc062723c751e8b465ee728b)  -> (artifact id: '8e602e6b76027773039b8a21f17c0b80') in 0.018294 seconds
Number of updated asset objects reloaded before import = 0
Number of asset objects unloaded after import = 904
========================================================================
Received Import Request.
  Time since last request: 0.763773 seconds.
  path: Assets/Project/Prefabs/Levels/Level4.prefab
  artifactKey: Guid(c72cce76822fe244c810f2d697c519bb) Importer(815301076,1909f56bfc062723c751e8b465ee728b)
Start importing Assets/Project/Prefabs/Levels/Level4.prefab using Guid(c72cce76822fe244c810f2d697c519bb) Importer(815301076,1909f56bfc062723c751e8b465ee728b)  -> (artifact id: '9dfac3889d1d6059bfb2e4bea10f377b') in 0.030354 seconds
Number of updated asset objects reloaded before import = 0
Number of asset objects unloaded after import = 904
========================================================================
Received Import Request.
  Time since last request: 0.000017 seconds.
  path: Assets/Project/Prefabs/Levels/Level5.prefab
  artifactKey: Guid(11c735e1a3f396a4791ca6aef277c3e1) Importer(815301076,1909f56bfc062723c751e8b465ee728b)
Start importing Assets/Project/Prefabs/Levels/Level5.prefab using Guid(11c735e1a3f396a4791ca6aef277c3e1) Importer(815301076,1909f56bfc062723c751e8b465ee728b)  -> (artifact id: '87ef2a54e553c7652122a191ff32ec7b') in 0.022558 seconds
Number of updated asset objects reloaded before import = 0
Number of asset objects unloaded after import = 904
========================================================================
Received Import Request.
  Time since last request: 0.746709 seconds.
  path: Assets/Project/Prefabs/Levels/Level4.prefab
  artifactKey: Guid(c72cce76822fe244c810f2d697c519bb) Importer(815301076,1909f56bfc062723c751e8b465ee728b)
Start importing Assets/Project/Prefabs/Levels/Level4.prefab using Guid(c72cce76822fe244c810f2d697c519bb) Importer(815301076,1909f56bfc062723c751e8b465ee728b)  -> (artifact id: 'db8a7456d72ce75699bbe03327230b32') in 0.025999 seconds
Number of updated asset objects reloaded before import = 0
Number of asset objects unloaded after import = 904
========================================================================
Received Import Request.
  Time since last request: 0.000013 seconds.
  path: Assets/Project/Prefabs/Levels/Level5.prefab
  artifactKey: Guid(11c735e1a3f396a4791ca6aef277c3e1) Importer(815301076,1909f56bfc062723c751e8b465ee728b)
Start importing Assets/Project/Prefabs/Levels/Level5.prefab using Guid(11c735e1a3f396a4791ca6aef277c3e1) Importer(815301076,1909f56bfc062723c751e8b465ee728b)  -> (artifact id: 'b1c225b577741d4e2ab423e501c67319') in 0.022652 seconds
Number of updated asset objects reloaded before import = 0
Number of asset objects unloaded after import = 904
========================================================================
Received Import Request.
  Time since last request: 1.561823 seconds.
  path: Assets/Project/Prefabs/Levels/Level4.prefab
  artifactKey: Guid(c72cce76822fe244c810f2d697c519bb) Importer(815301076,1909f56bfc062723c751e8b465ee728b)
Start importing Assets/Project/Prefabs/Levels/Level4.prefab using Guid(c72cce76822fe244c810f2d697c519bb) Importer(815301076,1909f56bfc062723c751e8b465ee728b)  -> (artifact id: '00296bc198473bd73cf86b64ed67bcfa') in 0.092198 seconds
Number of updated asset objects reloaded before import = 0
Number of asset objects unloaded after import = 904
========================================================================
Received Import Request.
  Time since last request: 0.000013 seconds.
  path: Assets/Project/Prefabs/Levels/Level5.prefab
  artifactKey: Guid(11c735e1a3f396a4791ca6aef277c3e1) Importer(815301076,1909f56bfc062723c751e8b465ee728b)
Start importing Assets/Project/Prefabs/Levels/Level5.prefab using Guid(11c735e1a3f396a4791ca6aef277c3e1) Importer(815301076,1909f56bfc062723c751e8b465ee728b)  -> (artifact id: '12ee1d59409a9bc9fc6f484fa025a12b') in 0.079893 seconds
Number of updated asset objects reloaded before import = 0
Number of asset objects unloaded after import = 904
========================================================================
Received Import Request.
  Time since last request: 1.263878 seconds.
  path: Assets/Project/Prefabs/Levels/Level4.prefab
  artifactKey: Guid(c72cce76822fe244c810f2d697c519bb) Importer(815301076,1909f56bfc062723c751e8b465ee728b)
Start importing Assets/Project/Prefabs/Levels/Level4.prefab using Guid(c72cce76822fe244c810f2d697c519bb) Importer(815301076,1909f56bfc062723c751e8b465ee728b)  -> (artifact id: 'cc0d526bbeafeff96af378b1a8eb629b') in 0.020212 seconds
Number of updated asset objects reloaded before import = 0
Number of asset objects unloaded after import = 904
========================================================================
Received Import Request.
  Time since last request: 0.000017 seconds.
  path: Assets/Project/Prefabs/Levels/Level6.prefab
  artifactKey: Guid(c564e8c6cda94c241bb64ea9e84389de) Importer(815301076,1909f56bfc062723c751e8b465ee728b)
Start importing Assets/Project/Prefabs/Levels/Level6.prefab using Guid(c564e8c6cda94c241bb64ea9e84389de) Importer(815301076,1909f56bfc062723c751e8b465ee728b)  -> (artifact id: '767f26ec180dc19e5230e8760f456693') in 0.019954 seconds
Number of updated asset objects reloaded before import = 0
Number of asset objects unloaded after import = 904
========================================================================
Received Import Request.
  Time since last request: 0.960629 seconds.
  path: Assets/Project/Prefabs/Levels/Level4.prefab
  artifactKey: Guid(c72cce76822fe244c810f2d697c519bb) Importer(815301076,1909f56bfc062723c751e8b465ee728b)
Start importing Assets/Project/Prefabs/Levels/Level4.prefab using Guid(c72cce76822fe244c810f2d697c519bb) Importer(815301076,1909f56bfc062723c751e8b465ee728b)  -> (artifact id: 'ae0e725d4b7f99d2ce1403d195a4a09b') in 0.021914 seconds
Number of updated asset objects reloaded before import = 0
Number of asset objects unloaded after import = 904
========================================================================
Received Import Request.
  Time since last request: 0.000016 seconds.
  path: Assets/Project/Prefabs/Levels/Level6.prefab
  artifactKey: Guid(c564e8c6cda94c241bb64ea9e84389de) Importer(815301076,1909f56bfc062723c751e8b465ee728b)
Start importing Assets/Project/Prefabs/Levels/Level6.prefab using Guid(c564e8c6cda94c241bb64ea9e84389de) Importer(815301076,1909f56bfc062723c751e8b465ee728b)  -> (artifact id: '036a2037f3fd15b3611e91c4a8e0d6ee') in 0.018625 seconds
Number of updated asset objects reloaded before import = 0
Number of asset objects unloaded after import = 904
========================================================================
Received Import Request.
  Time since last request: 0.961561 seconds.
  path: Assets/Project/Prefabs/Levels/Level4.prefab
  artifactKey: Guid(c72cce76822fe244c810f2d697c519bb) Importer(815301076,1909f56bfc062723c751e8b465ee728b)
Start importing Assets/Project/Prefabs/Levels/Level4.prefab using Guid(c72cce76822fe244c810f2d697c519bb) Importer(815301076,1909f56bfc062723c751e8b465ee728b)  -> (artifact id: '295366001550c7821213aaf7099448cc') in 0.019249 seconds
Number of updated asset objects reloaded before import = 0
Number of asset objects unloaded after import = 904
========================================================================
Received Import Request.
  Time since last request: 0.000016 seconds.
  path: Assets/Project/Prefabs/Levels/Level7.prefab
  artifactKey: Guid(6c91b0274df89c94b8306c9e12de47fd) Importer(815301076,1909f56bfc062723c751e8b465ee728b)
Start importing Assets/Project/Prefabs/Levels/Level7.prefab using Guid(6c91b0274df89c94b8306c9e12de47fd) Importer(815301076,1909f56bfc062723c751e8b465ee728b)  -> (artifact id: '7e0f463c864900494dcf186bec15f753') in 0.022796 seconds
Number of updated asset objects reloaded before import = 0
Number of asset objects unloaded after import = 904
========================================================================
Received Import Request.
  Time since last request: 0.967771 seconds.
  path: Assets/Project/Prefabs/Levels/Level4.prefab
  artifactKey: Guid(c72cce76822fe244c810f2d697c519bb) Importer(815301076,1909f56bfc062723c751e8b465ee728b)
Start importing Assets/Project/Prefabs/Levels/Level4.prefab using Guid(c72cce76822fe244c810f2d697c519bb) Importer(815301076,1909f56bfc062723c751e8b465ee728b)  -> (artifact id: '22234134d94cf8ecf98a0a02a4cf8ae6') in 0.045393 seconds
Number of updated asset objects reloaded before import = 0
Number of asset objects unloaded after import = 904
========================================================================
Received Import Request.
  Time since last request: 0.000027 seconds.
  path: Assets/Project/Prefabs/Levels/Level5.prefab
  artifactKey: Guid(11c735e1a3f396a4791ca6aef277c3e1) Importer(815301076,1909f56bfc062723c751e8b465ee728b)
Start importing Assets/Project/Prefabs/Levels/Level5.prefab using Guid(11c735e1a3f396a4791ca6aef277c3e1) Importer(815301076,1909f56bfc062723c751e8b465ee728b)  -> (artifact id: '7fbd47179160c0e15c18a4d7bcb9cf20') in 0.019065 seconds
Number of updated asset objects reloaded before import = 0
Number of asset objects unloaded after import = 904
========================================================================
Received Import Request.
  Time since last request: 0.737146 seconds.
  path: Assets/Project/Prefabs/Levels/Level4.prefab
  artifactKey: Guid(c72cce76822fe244c810f2d697c519bb) Importer(815301076,1909f56bfc062723c751e8b465ee728b)
Start importing Assets/Project/Prefabs/Levels/Level4.prefab using Guid(c72cce76822fe244c810f2d697c519bb) Importer(815301076,1909f56bfc062723c751e8b465ee728b)  -> (artifact id: 'a2f96cd54a1214182d4247938998cbec') in 0.018844 seconds
Number of updated asset objects reloaded before import = 0
Number of asset objects unloaded after import = 904
========================================================================
Received Import Request.
  Time since last request: 0.000019 seconds.
  path: Assets/Project/Prefabs/Levels/Level6.prefab
  artifactKey: Guid(c564e8c6cda94c241bb64ea9e84389de) Importer(815301076,1909f56bfc062723c751e8b465ee728b)
Start importing Assets/Project/Prefabs/Levels/Level6.prefab using Guid(c564e8c6cda94c241bb64ea9e84389de) Importer(815301076,1909f56bfc062723c751e8b465ee728b)  -> (artifact id: 'eaef2b328d8f2e30d5ad48f69350828c') in 0.018461 seconds
Number of updated asset objects reloaded before import = 0
Number of asset objects unloaded after import = 904
========================================================================
Received Import Request.
  Time since last request: 0.778526 seconds.
  path: Assets/Project/Prefabs/Levels/Level4.prefab
  artifactKey: Guid(c72cce76822fe244c810f2d697c519bb) Importer(815301076,1909f56bfc062723c751e8b465ee728b)
Start importing Assets/Project/Prefabs/Levels/Level4.prefab using Guid(c72cce76822fe244c810f2d697c519bb) Importer(815301076,1909f56bfc062723c751e8b465ee728b)  -> (artifact id: 'de6975efc35932ba44471f24e683f53b') in 0.019485 seconds
Number of updated asset objects reloaded before import = 0
Number of asset objects unloaded after import = 904
========================================================================
Received Import Request.
  Time since last request: 0.000018 seconds.
  path: Assets/Project/Prefabs/Levels/Level5.prefab
  artifactKey: Guid(11c735e1a3f396a4791ca6aef277c3e1) Importer(815301076,1909f56bfc062723c751e8b465ee728b)
Start importing Assets/Project/Prefabs/Levels/Level5.prefab using Guid(11c735e1a3f396a4791ca6aef277c3e1) Importer(815301076,1909f56bfc062723c751e8b465ee728b)  -> (artifact id: 'd73acd8e550583a58be19c03d8f57cb7') in 0.021205 seconds
Number of updated asset objects reloaded before import = 0
Number of asset objects unloaded after import = 904
========================================================================
Received Import Request.
  Time since last request: 0.749472 seconds.
  path: Assets/Project/Prefabs/Levels/Level4.prefab
  artifactKey: Guid(c72cce76822fe244c810f2d697c519bb) Importer(815301076,1909f56bfc062723c751e8b465ee728b)
Start importing Assets/Project/Prefabs/Levels/Level4.prefab using Guid(c72cce76822fe244c810f2d697c519bb) Importer(815301076,1909f56bfc062723c751e8b465ee728b)  -> (artifact id: '32d5b7d2fe46fda81ed1ba4c7cbbeab9') in 0.019235 seconds
Number of updated asset objects reloaded before import = 0
Number of asset objects unloaded after import = 904
========================================================================
Received Import Request.
  Time since last request: 0.000018 seconds.
  path: Assets/Project/Prefabs/Levels/Level7.prefab
  artifactKey: Guid(6c91b0274df89c94b8306c9e12de47fd) Importer(815301076,1909f56bfc062723c751e8b465ee728b)
Start importing Assets/Project/Prefabs/Levels/Level7.prefab using Guid(6c91b0274df89c94b8306c9e12de47fd) Importer(815301076,1909f56bfc062723c751e8b465ee728b)  -> (artifact id: 'aaba16511901a26cfe5b5f2feb5984c4') in 0.020889 seconds
Number of updated asset objects reloaded before import = 0
Number of asset objects unloaded after import = 904
========================================================================
Received Import Request.
  Time since last request: 1.565278 seconds.
  path: Assets/Project/Prefabs/Levels/Level4.prefab
  artifactKey: Guid(c72cce76822fe244c810f2d697c519bb) Importer(815301076,1909f56bfc062723c751e8b465ee728b)
Start importing Assets/Project/Prefabs/Levels/Level4.prefab using Guid(c72cce76822fe244c810f2d697c519bb) Importer(815301076,1909f56bfc062723c751e8b465ee728b)  -> (artifact id: '41f336bd377bd6e506a774e563aea559') in 0.023272 seconds
Number of updated asset objects reloaded before import = 0
Number of asset objects unloaded after import = 904
========================================================================
Received Import Request.
  Time since last request: 0.000017 seconds.
  path: Assets/Project/Prefabs/Levels/Level6.prefab
  artifactKey: Guid(c564e8c6cda94c241bb64ea9e84389de) Importer(815301076,1909f56bfc062723c751e8b465ee728b)
Start importing Assets/Project/Prefabs/Levels/Level6.prefab using Guid(c564e8c6cda94c241bb64ea9e84389de) Importer(815301076,1909f56bfc062723c751e8b465ee728b)  -> (artifact id: '8632c106d501d688018dc7fb2bf66c3a') in 0.021941 seconds
Number of updated asset objects reloaded before import = 0
Number of asset objects unloaded after import = 904
========================================================================
Received Import Request.
  Time since last request: 6.408612 seconds.
  path: Assets/Project/Prefabs/Levels/Level4.prefab
  artifactKey: Guid(c72cce76822fe244c810f2d697c519bb) Importer(815301076,1909f56bfc062723c751e8b465ee728b)
Start importing Assets/Project/Prefabs/Levels/Level4.prefab using Guid(c72cce76822fe244c810f2d697c519bb) Importer(815301076,1909f56bfc062723c751e8b465ee728b)  -> (artifact id: 'c0ff99a19eaeb17eb7956c973e6310c7') in 0.017460 seconds
Number of updated asset objects reloaded before import = 0
Number of asset objects unloaded after import = 904
========================================================================
Received Import Request.
  Time since last request: 0.000018 seconds.
  path: Assets/Project/Prefabs/Levels/Level7.prefab
  artifactKey: Guid(6c91b0274df89c94b8306c9e12de47fd) Importer(815301076,1909f56bfc062723c751e8b465ee728b)
Start importing Assets/Project/Prefabs/Levels/Level7.prefab using Guid(6c91b0274df89c94b8306c9e12de47fd) Importer(815301076,1909f56bfc062723c751e8b465ee728b)  -> (artifact id: 'e90105b57daf0f5ca35f7b6703f2717b') in 0.018991 seconds
Number of updated asset objects reloaded before import = 0
Number of asset objects unloaded after import = 904
========================================================================
Received Import Request.
  Time since last request: 5.418520 seconds.
  path: Assets/Project/Prefabs/Levels/Level4.prefab
  artifactKey: Guid(c72cce76822fe244c810f2d697c519bb) Importer(815301076,1909f56bfc062723c751e8b465ee728b)
Start importing Assets/Project/Prefabs/Levels/Level4.prefab using Guid(c72cce76822fe244c810f2d697c519bb) Importer(815301076,1909f56bfc062723c751e8b465ee728b)  -> (artifact id: 'a09d847f91b2674c226b24c64f61d905') in 0.017972 seconds
Number of updated asset objects reloaded before import = 0
Number of asset objects unloaded after import = 904
========================================================================
Received Import Request.
  Time since last request: 0.000014 seconds.
  path: Assets/Project/Prefabs/Levels/Level7.prefab
  artifactKey: Guid(6c91b0274df89c94b8306c9e12de47fd) Importer(815301076,1909f56bfc062723c751e8b465ee728b)
Start importing Assets/Project/Prefabs/Levels/Level7.prefab using Guid(6c91b0274df89c94b8306c9e12de47fd) Importer(815301076,1909f56bfc062723c751e8b465ee728b)  -> (artifact id: '47c4f1b6f3c260c1cbc8c7a9c4853803') in 0.018614 seconds
Number of updated asset objects reloaded before import = 0
Number of asset objects unloaded after import = 904
========================================================================
Received Import Request.
  Time since last request: 6.561687 seconds.
  path: Assets/Project/Prefabs/Levels/Level4.prefab
  artifactKey: Guid(c72cce76822fe244c810f2d697c519bb) Importer(815301076,1909f56bfc062723c751e8b465ee728b)
Start importing Assets/Project/Prefabs/Levels/Level4.prefab using Guid(c72cce76822fe244c810f2d697c519bb) Importer(815301076,1909f56bfc062723c751e8b465ee728b)  -> (artifact id: 'fad4b76507f68c0ed0acdaeef371327f') in 0.019635 seconds
Number of updated asset objects reloaded before import = 0
Number of asset objects unloaded after import = 904
========================================================================
Received Import Request.
  Time since last request: 0.000014 seconds.
  path: Assets/Project/Prefabs/Levels/Level5.prefab
  artifactKey: Guid(11c735e1a3f396a4791ca6aef277c3e1) Importer(815301076,1909f56bfc062723c751e8b465ee728b)
Start importing Assets/Project/Prefabs/Levels/Level5.prefab using Guid(11c735e1a3f396a4791ca6aef277c3e1) Importer(815301076,1909f56bfc062723c751e8b465ee728b)  -> (artifact id: '8539dad32d9807d56b32894bb1af29e8') in 0.019959 seconds
Number of updated asset objects reloaded before import = 0
Number of asset objects unloaded after import = 904
========================================================================
Received Import Request.
  Time since last request: 6.875957 seconds.
  path: Assets/Project/Prefabs/Levels/Level4.prefab
  artifactKey: Guid(c72cce76822fe244c810f2d697c519bb) Importer(815301076,1909f56bfc062723c751e8b465ee728b)
Start importing Assets/Project/Prefabs/Levels/Level4.prefab using Guid(c72cce76822fe244c810f2d697c519bb) Importer(815301076,1909f56bfc062723c751e8b465ee728b)  -> (artifact id: '94246c4433a5bcf908e47e94ced1844c') in 0.018881 seconds
Number of updated asset objects reloaded before import = 0
Number of asset objects unloaded after import = 904
========================================================================
Received Import Request.
  Time since last request: 0.000018 seconds.
  path: Assets/Project/Prefabs/Levels/Level7.prefab
  artifactKey: Guid(6c91b0274df89c94b8306c9e12de47fd) Importer(815301076,1909f56bfc062723c751e8b465ee728b)
Start importing Assets/Project/Prefabs/Levels/Level7.prefab using Guid(6c91b0274df89c94b8306c9e12de47fd) Importer(815301076,1909f56bfc062723c751e8b465ee728b)  -> (artifact id: 'c80219e39d6de737ce1461ebeaba3a8d') in 0.018177 seconds
Number of updated asset objects reloaded before import = 0
Number of asset objects unloaded after import = 904
========================================================================
Received Import Request.
  Time since last request: 4.231491 seconds.
  path: Assets/Project/Prefabs/Levels/Level4.prefab
  artifactKey: Guid(c72cce76822fe244c810f2d697c519bb) Importer(815301076,1909f56bfc062723c751e8b465ee728b)
Start importing Assets/Project/Prefabs/Levels/Level4.prefab using Guid(c72cce76822fe244c810f2d697c519bb) Importer(815301076,1909f56bfc062723c751e8b465ee728b)  -> (artifact id: '0cc8f90e949b29b33e3ff46f11b7bbe6') in 0.028691 seconds
Number of updated asset objects reloaded before import = 0
Number of asset objects unloaded after import = 904
========================================================================
Received Import Request.
  Time since last request: 0.000015 seconds.
  path: Assets/Project/Prefabs/Levels/Level5.prefab
  artifactKey: Guid(11c735e1a3f396a4791ca6aef277c3e1) Importer(815301076,1909f56bfc062723c751e8b465ee728b)
Start importing Assets/Project/Prefabs/Levels/Level5.prefab using Guid(11c735e1a3f396a4791ca6aef277c3e1) Importer(815301076,1909f56bfc062723c751e8b465ee728b)  -> (artifact id: '371c5945730a9ffac9d469a9b7fad191') in 0.027626 seconds
Number of updated asset objects reloaded before import = 0
Number of asset objects unloaded after import = 904
========================================================================
Received Import Request.
  Time since last request: 6.070395 seconds.
  path: Assets/Project/Prefabs/Levels/Level4.prefab
  artifactKey: Guid(c72cce76822fe244c810f2d697c519bb) Importer(815301076,1909f56bfc062723c751e8b465ee728b)
Start importing Assets/Project/Prefabs/Levels/Level4.prefab using Guid(c72cce76822fe244c810f2d697c519bb) Importer(815301076,1909f56bfc062723c751e8b465ee728b)  -> (artifact id: 'dfa091d8084c04eb8a2a3e8c2d639ef9') in 0.105388 seconds
Number of updated asset objects reloaded before import = 0
Number of asset objects unloaded after import = 904
========================================================================
Received Import Request.
  Time since last request: 0.000013 seconds.
  path: Assets/Project/Prefabs/Levels/Level5.prefab
  artifactKey: Guid(11c735e1a3f396a4791ca6aef277c3e1) Importer(815301076,1909f56bfc062723c751e8b465ee728b)
Start importing Assets/Project/Prefabs/Levels/Level5.prefab using Guid(11c735e1a3f396a4791ca6aef277c3e1) Importer(815301076,1909f56bfc062723c751e8b465ee728b)  -> (artifact id: '2ccd97b07884355fdc280a810651c7a9') in 0.068160 seconds
Number of updated asset objects reloaded before import = 0
Number of asset objects unloaded after import = 904
========================================================================
Received Import Request.
  Time since last request: 4.422715 seconds.
  path: Assets/Project/Prefabs/Levels/Level4.prefab
  artifactKey: Guid(c72cce76822fe244c810f2d697c519bb) Importer(815301076,1909f56bfc062723c751e8b465ee728b)
Start importing Assets/Project/Prefabs/Levels/Level4.prefab using Guid(c72cce76822fe244c810f2d697c519bb) Importer(815301076,1909f56bfc062723c751e8b465ee728b)  -> (artifact id: '04e690288fef65e62cc1a6ff7754e8d8') in 0.022781 seconds
Number of updated asset objects reloaded before import = 0
Number of asset objects unloaded after import = 904
========================================================================
Received Import Request.
  Time since last request: 0.000017 seconds.
  path: Assets/Project/Prefabs/Levels/Level7.prefab
  artifactKey: Guid(6c91b0274df89c94b8306c9e12de47fd) Importer(815301076,1909f56bfc062723c751e8b465ee728b)
Start importing Assets/Project/Prefabs/Levels/Level7.prefab using Guid(6c91b0274df89c94b8306c9e12de47fd) Importer(815301076,1909f56bfc062723c751e8b465ee728b)  -> (artifact id: '865d0052b1b5339dac328a68de696b52') in 0.021014 seconds
Number of updated asset objects reloaded before import = 0
Number of asset objects unloaded after import = 904
========================================================================
Received Import Request.
  Time since last request: 7.113156 seconds.
  path: Assets/Project/Prefabs/Levels/Level4.prefab
  artifactKey: Guid(c72cce76822fe244c810f2d697c519bb) Importer(815301076,1909f56bfc062723c751e8b465ee728b)
Start importing Assets/Project/Prefabs/Levels/Level4.prefab using Guid(c72cce76822fe244c810f2d697c519bb) Importer(815301076,1909f56bfc062723c751e8b465ee728b)  -> (artifact id: 'd8823d4f03a6adf41736963688a8da50') in 0.020118 seconds
Number of updated asset objects reloaded before import = 0
Number of asset objects unloaded after import = 904
========================================================================
Received Import Request.
  Time since last request: 0.000019 seconds.
  path: Assets/Project/Prefabs/Levels/Level7.prefab
  artifactKey: Guid(6c91b0274df89c94b8306c9e12de47fd) Importer(815301076,1909f56bfc062723c751e8b465ee728b)
Start importing Assets/Project/Prefabs/Levels/Level7.prefab using Guid(6c91b0274df89c94b8306c9e12de47fd) Importer(815301076,1909f56bfc062723c751e8b465ee728b)  -> (artifact id: 'f9bf4a84275dea49c0362d27c478ba5a') in 0.017798 seconds
Number of updated asset objects reloaded before import = 0
Number of asset objects unloaded after import = 904
========================================================================
Received Import Request.
  Time since last request: 4.093776 seconds.
  path: Assets/Project/Prefabs/Levels/Level4.prefab
  artifactKey: Guid(c72cce76822fe244c810f2d697c519bb) Importer(815301076,1909f56bfc062723c751e8b465ee728b)
Start importing Assets/Project/Prefabs/Levels/Level4.prefab using Guid(c72cce76822fe244c810f2d697c519bb) Importer(815301076,1909f56bfc062723c751e8b465ee728b)  -> (artifact id: '406251128e0315700c1a1123ad168862') in 0.022602 seconds
Number of updated asset objects reloaded before import = 0
Number of asset objects unloaded after import = 904
========================================================================
Received Import Request.
  Time since last request: 0.000014 seconds.
  path: Assets/Project/Prefabs/Levels/Level6.prefab
  artifactKey: Guid(c564e8c6cda94c241bb64ea9e84389de) Importer(815301076,1909f56bfc062723c751e8b465ee728b)
Start importing Assets/Project/Prefabs/Levels/Level6.prefab using Guid(c564e8c6cda94c241bb64ea9e84389de) Importer(815301076,1909f56bfc062723c751e8b465ee728b)  -> (artifact id: 'ff3874dfa61c39eb33b405c8863f3431') in 0.020080 seconds
Number of updated asset objects reloaded before import = 0
Number of asset objects unloaded after import = 904
========================================================================
Received Import Request.
  Time since last request: 5.666524 seconds.
  path: Assets/Project/Prefabs/Levels/Level4.prefab
  artifactKey: Guid(c72cce76822fe244c810f2d697c519bb) Importer(815301076,1909f56bfc062723c751e8b465ee728b)
Start importing Assets/Project/Prefabs/Levels/Level4.prefab using Guid(c72cce76822fe244c810f2d697c519bb) Importer(815301076,1909f56bfc062723c751e8b465ee728b)  -> (artifact id: '45bc6da953b6fbab4309e3ca20f587e0') in 0.020560 seconds
Number of updated asset objects reloaded before import = 0
Number of asset objects unloaded after import = 904
========================================================================
Received Import Request.
  Time since last request: 0.000017 seconds.
  path: Assets/Project/Prefabs/Levels/Level6.prefab
  artifactKey: Guid(c564e8c6cda94c241bb64ea9e84389de) Importer(815301076,1909f56bfc062723c751e8b465ee728b)
Start importing Assets/Project/Prefabs/Levels/Level6.prefab using Guid(c564e8c6cda94c241bb64ea9e84389de) Importer(815301076,1909f56bfc062723c751e8b465ee728b)  -> (artifact id: 'be9bf467dd10c231caaaf0bddef0cd44') in 0.019063 seconds
Number of updated asset objects reloaded before import = 0
Number of asset objects unloaded after import = 904
========================================================================
Received Import Request.
  Time since last request: 4.885249 seconds.
  path: Assets/Project/Prefabs/Levels/Level4.prefab
  artifactKey: Guid(c72cce76822fe244c810f2d697c519bb) Importer(815301076,1909f56bfc062723c751e8b465ee728b)
Start importing Assets/Project/Prefabs/Levels/Level4.prefab using Guid(c72cce76822fe244c810f2d697c519bb) Importer(815301076,1909f56bfc062723c751e8b465ee728b)  -> (artifact id: 'cacf3cc6df7f7b54a8d489acfcf5cfde') in 0.023029 seconds
Number of updated asset objects reloaded before import = 0
Number of asset objects unloaded after import = 904
========================================================================
Received Import Request.
  Time since last request: 0.000015 seconds.
  path: Assets/Project/Prefabs/Levels/Level6.prefab
  artifactKey: Guid(c564e8c6cda94c241bb64ea9e84389de) Importer(815301076,1909f56bfc062723c751e8b465ee728b)
Start importing Assets/Project/Prefabs/Levels/Level6.prefab using Guid(c564e8c6cda94c241bb64ea9e84389de) Importer(815301076,1909f56bfc062723c751e8b465ee728b)  -> (artifact id: '633bfd6792c1211589036a01cc8c691b') in 0.040343 seconds
Number of updated asset objects reloaded before import = 0
Number of asset objects unloaded after import = 904
========================================================================
Received Import Request.
  Time since last request: 5.472594 seconds.
  path: Assets/Project/Prefabs/Levels/Level4.prefab
  artifactKey: Guid(c72cce76822fe244c810f2d697c519bb) Importer(815301076,1909f56bfc062723c751e8b465ee728b)
Start importing Assets/Project/Prefabs/Levels/Level4.prefab using Guid(c72cce76822fe244c810f2d697c519bb) Importer(815301076,1909f56bfc062723c751e8b465ee728b)  -> (artifact id: '3bae1bb4a1ff0fb7b3c26d04b3349d6a') in 0.021092 seconds
Number of updated asset objects reloaded before import = 0
Number of asset objects unloaded after import = 904
========================================================================
Received Import Request.
  Time since last request: 0.000014 seconds.
  path: Assets/Project/Prefabs/Levels/Level6.prefab
  artifactKey: Guid(c564e8c6cda94c241bb64ea9e84389de) Importer(815301076,1909f56bfc062723c751e8b465ee728b)
Start importing Assets/Project/Prefabs/Levels/Level6.prefab using Guid(c564e8c6cda94c241bb64ea9e84389de) Importer(815301076,1909f56bfc062723c751e8b465ee728b)  -> (artifact id: '967baf02f021057be397a0af3fc7fee2') in 0.034197 seconds
Number of updated asset objects reloaded before import = 0
Number of asset objects unloaded after import = 904
========================================================================
Received Import Request.
  Time since last request: 4.896768 seconds.
  path: Assets/Project/Prefabs/Levels/Level4.prefab
  artifactKey: Guid(c72cce76822fe244c810f2d697c519bb) Importer(815301076,1909f56bfc062723c751e8b465ee728b)
Start importing Assets/Project/Prefabs/Levels/Level4.prefab using Guid(c72cce76822fe244c810f2d697c519bb) Importer(815301076,1909f56bfc062723c751e8b465ee728b)  -> (artifact id: '12283f81c0f9a66accc0218af7bc1eb5') in 0.020178 seconds
Number of updated asset objects reloaded before import = 0
Number of asset objects unloaded after import = 904
========================================================================
Received Import Request.
  Time since last request: 0.000020 seconds.
  path: Assets/Project/Prefabs/Levels/Level7.prefab
  artifactKey: Guid(6c91b0274df89c94b8306c9e12de47fd) Importer(815301076,1909f56bfc062723c751e8b465ee728b)
Start importing Assets/Project/Prefabs/Levels/Level7.prefab using Guid(6c91b0274df89c94b8306c9e12de47fd) Importer(815301076,1909f56bfc062723c751e8b465ee728b)  -> (artifact id: '163ca6b4d8440f70b322d92d627a5a25') in 0.019697 seconds
Number of updated asset objects reloaded before import = 0
Number of asset objects unloaded after import = 904
========================================================================
Received Import Request.
  Time since last request: 5.059016 seconds.
  path: Assets/Project/Prefabs/Levels/Level4.prefab
  artifactKey: Guid(c72cce76822fe244c810f2d697c519bb) Importer(815301076,1909f56bfc062723c751e8b465ee728b)
Start importing Assets/Project/Prefabs/Levels/Level4.prefab using Guid(c72cce76822fe244c810f2d697c519bb) Importer(815301076,1909f56bfc062723c751e8b465ee728b)  -> (artifact id: '7cbe91a58cb3772f6b15682c30940526') in 0.037510 seconds
Number of updated asset objects reloaded before import = 0
Number of asset objects unloaded after import = 904
========================================================================
Received Import Request.
  Time since last request: 0.000014 seconds.
  path: Assets/Project/Prefabs/Levels/Level5.prefab
  artifactKey: Guid(11c735e1a3f396a4791ca6aef277c3e1) Importer(815301076,1909f56bfc062723c751e8b465ee728b)
Start importing Assets/Project/Prefabs/Levels/Level5.prefab using Guid(11c735e1a3f396a4791ca6aef277c3e1) Importer(815301076,1909f56bfc062723c751e8b465ee728b)  -> (artifact id: '80350fa2de611592d223b6528a56245b') in 0.025855 seconds
Number of updated asset objects reloaded before import = 0
Number of asset objects unloaded after import = 904
========================================================================
Received Import Request.
  Time since last request: 1.770948 seconds.
  path: Assets/Project/Prefabs/Levels/Level4.prefab
  artifactKey: Guid(c72cce76822fe244c810f2d697c519bb) Importer(815301076,1909f56bfc062723c751e8b465ee728b)
Start importing Assets/Project/Prefabs/Levels/Level4.prefab using Guid(c72cce76822fe244c810f2d697c519bb) Importer(815301076,1909f56bfc062723c751e8b465ee728b)  -> (artifact id: '2bbed69a8377f3bcebd8f2542b4dedc8') in 0.020200 seconds
Number of updated asset objects reloaded before import = 0
Number of asset objects unloaded after import = 900
========================================================================
Received Import Request.
  Time since last request: 0.000014 seconds.
  path: Assets/Project/Prefabs/Levels/Level5.prefab
  artifactKey: Guid(11c735e1a3f396a4791ca6aef277c3e1) Importer(815301076,1909f56bfc062723c751e8b465ee728b)
Start importing Assets/Project/Prefabs/Levels/Level5.prefab using Guid(11c735e1a3f396a4791ca6aef277c3e1) Importer(815301076,1909f56bfc062723c751e8b465ee728b)  -> (artifact id: 'cf8181f4dc98572d8e72a0d6b85dd118') in 0.017611 seconds
Number of updated asset objects reloaded before import = 0
Number of asset objects unloaded after import = 900
========================================================================
Received Import Request.
  Time since last request: 0.548460 seconds.
  path: Assets/Project/Prefabs/Levels/Level4.prefab
  artifactKey: Guid(c72cce76822fe244c810f2d697c519bb) Importer(815301076,1909f56bfc062723c751e8b465ee728b)
Start importing Assets/Project/Prefabs/Levels/Level4.prefab using Guid(c72cce76822fe244c810f2d697c519bb) Importer(815301076,1909f56bfc062723c751e8b465ee728b)  -> (artifact id: '9f3b45e89c50907433e3eed1029a650d') in 0.021174 seconds
Number of updated asset objects reloaded before import = 0
Number of asset objects unloaded after import = 896
========================================================================
Received Import Request.
  Time since last request: 0.000014 seconds.
  path: Assets/Project/Prefabs/Levels/Level6.prefab
  artifactKey: Guid(c564e8c6cda94c241bb64ea9e84389de) Importer(815301076,1909f56bfc062723c751e8b465ee728b)
Start importing Assets/Project/Prefabs/Levels/Level6.prefab using Guid(c564e8c6cda94c241bb64ea9e84389de) Importer(815301076,1909f56bfc062723c751e8b465ee728b)  -> (artifact id: '80e18a49f7df18097be427f6d3adb506') in 0.017473 seconds
Number of updated asset objects reloaded before import = 0
Number of asset objects unloaded after import = 896
========================================================================
Received Import Request.
  Time since last request: 0.354259 seconds.
  path: Assets/Project/Prefabs/Levels/Level4.prefab
  artifactKey: Guid(c72cce76822fe244c810f2d697c519bb) Importer(815301076,1909f56bfc062723c751e8b465ee728b)
Start importing Assets/Project/Prefabs/Levels/Level4.prefab using Guid(c72cce76822fe244c810f2d697c519bb) Importer(815301076,1909f56bfc062723c751e8b465ee728b)  -> (artifact id: '1c09f54d7e8b693da7088f4cc57f24fc') in 0.019403 seconds
Number of updated asset objects reloaded before import = 0
Number of asset objects unloaded after import = 892
========================================================================
Received Import Request.
  Time since last request: 0.000016 seconds.
  path: Assets/Project/Prefabs/Levels/Level6.prefab
  artifactKey: Guid(c564e8c6cda94c241bb64ea9e84389de) Importer(815301076,1909f56bfc062723c751e8b465ee728b)
Start importing Assets/Project/Prefabs/Levels/Level6.prefab using Guid(c564e8c6cda94c241bb64ea9e84389de) Importer(815301076,1909f56bfc062723c751e8b465ee728b)  -> (artifact id: '2913473fbd94cb42280f949d3c413005') in 0.018301 seconds
Number of updated asset objects reloaded before import = 0
Number of asset objects unloaded after import = 892
========================================================================
Received Import Request.
  Time since last request: 0.761635 seconds.
  path: Assets/Project/Prefabs/Levels/Level4.prefab
  artifactKey: Guid(c72cce76822fe244c810f2d697c519bb) Importer(815301076,1909f56bfc062723c751e8b465ee728b)
Start importing Assets/Project/Prefabs/Levels/Level4.prefab using Guid(c72cce76822fe244c810f2d697c519bb) Importer(815301076,1909f56bfc062723c751e8b465ee728b)  -> (artifact id: 'b46c5a53ada3b7b81f2adc77a5518acc') in 0.019940 seconds
Number of updated asset objects reloaded before import = 0
Number of asset objects unloaded after import = 888
========================================================================
Received Import Request.
  Time since last request: 0.000017 seconds.
  path: Assets/Project/Prefabs/Levels/Level7.prefab
  artifactKey: Guid(6c91b0274df89c94b8306c9e12de47fd) Importer(815301076,1909f56bfc062723c751e8b465ee728b)
Start importing Assets/Project/Prefabs/Levels/Level7.prefab using Guid(6c91b0274df89c94b8306c9e12de47fd) Importer(815301076,1909f56bfc062723c751e8b465ee728b)  -> (artifact id: '01698c92a98ec3593666edf6e361deaa') in 0.017484 seconds
Number of updated asset objects reloaded before import = 0
Number of asset objects unloaded after import = 888
========================================================================
Received Prepare
Begin MonoManager ReloadAssembly
- Loaded All Assemblies, in  0.358 seconds
Refreshing native plugins compatible for Editor in 3.49 ms, found 3 plugins.
Native extension for WindowsStandalone target not found
Native extension for iOS target not found
Native extension for Android target not found
[Package Manager] Server::EnsureServerProcessIsRunning -- launch failed, reason: Unity was launched with the -noUpm command-line argument
[Package Manager] UpmClient::Send -- Unable to send message (not connected to UPM process).
[Package Manager] Cannot connect to Unity Package Manager local server
Mono: successfully reloaded assembly
[Package Manager] Server::EnsureServerProcessIsRunning -- launch failed, reason: Unity was launched with the -noUpm command-line argument
[Package Manager] UpmClient::Send -- Unable to send message (not connected to UPM process).
[Package Manager] Cannot connect to Unity Package Manager local server
- Finished resetting the current domain, in  0.713 seconds
Domain Reload Profiling: 1070ms
	BeginReloadAssembly (130ms)
		ExecutionOrderSort (0ms)
		DisableScriptedObjects (5ms)
		BackupInstance (0ms)
		ReleaseScriptingObjects (0ms)
		CreateAndSetChildDomain (30ms)
	RebuildCommonClasses (29ms)
	RebuildNativeTypeToScriptingClass (7ms)
	initialDomainReloadingComplete (21ms)
	LoadAllAssembliesAndSetupDomain (169ms)
		LoadAssemblies (228ms)
		RebuildTransferFunctionScriptingTraits (0ms)
		AnalyzeDomain (11ms)
			TypeCache.Refresh (5ms)
				TypeCache.ScanAssembly (0ms)
			ScanForSourceGeneratedMonoScriptInfo (0ms)
			ResolveRequiredComponents (4ms)
	FinalizeReload (713ms)
		ReleaseScriptCaches (0ms)
		RebuildScriptCaches (0ms)
		SetupLoadedEditorAssemblies (382ms)
			LogAssemblyErrors (0ms)
			InitializePlatformSupportModulesInManaged (30ms)
			SetLoadedEditorAssemblies (2ms)
			RefreshPlugins (0ms)
			BeforeProcessingInitializeOnLoad (47ms)
			ProcessInitializeOnLoadAttributes (277ms)
			ProcessInitializeOnLoadMethodAttributes (21ms)
			AfterProcessingInitializeOnLoad (5ms)
			EditorAssembliesLoaded (0ms)
		ExecutionOrderSort2 (0ms)
		AwakeInstancesAfterBackupRestoration (5ms)
Refreshing native plugins compatible for Editor in 3.19 ms, found 3 plugins.
Preloading 0 native plugins for Editor in 0.00 ms.
Unloading 3215 Unused Serialized files (Serialized files now loaded: 0)
Unloading 34 unused Assets / (37.8 KB). Loaded Objects now: 3721.
Memory consumption went from 140.9 MB to 140.8 MB.
Total: 2.274000 ms (FindLiveObjects: 0.173300 ms CreateObjectMapping: 0.073800 ms MarkObjects: 1.964600 ms  DeleteObjects: 0.061300 ms)

Prepare: number of updated asset objects reloaded= 0
AssetImportParameters requested are different than current active one (requested -> active):
  custom:container-demuxer-ogg: 62fdf1f143b41e24485cea50d1cbac27 -> 
  custom:video-decoder-ogg-theora: a1e56fd34408186e4bbccfd4996cb3dc -> 
  custom:framework-win-MediaFoundation: 216162199b28c13a410421893ffa2e32 -> 
  custom:CustomObjectIndexerAttribute: 9a22284fe3817be447336de3de66b15e -> 
  custom:container-demuxer-webm: 4f35f7cbe854078d1ac9338744f61a02 -> 
  custom:scripting/monoscript/fileName/ChangeLevel.cs: 8a5e164792a2ad6ff61be4234c8b0f1a -> 
  custom:container-muxer-webm: aa71ff27fc2769a1b78a27578f13a17b -> 
  custom:video-decoder-webm-vp8: 9c59270c3fd7afecdb556c50c9e8de78 -> 
  custom:SearchIndexIgnoredProperties: e643bd26f0fe6173181afceb89e7c659 -> 
  custom:AudioImporter_EditorPlatform: d09bf68614088b80899f8185d706f6e7 -> 
  custom:video-encoder-webm-vp8: eb34c28f22e8b96e1ab97ce403110664 -> 
  custom:audio-decoder-ogg-vorbis: bf7c407c2cedff20999df2af8eb42d56 -> 
  custom:audio-encoder-webm-vorbis: bf7c407c2cedff20999df2af8eb42d56 -> 
========================================================================
Received Prepare
Begin MonoManager ReloadAssembly
- Loaded All Assemblies, in  0.391 seconds
Refreshing native plugins compatible for Editor in 3.83 ms, found 3 plugins.
Native extension for WindowsStandalone target not found
Native extension for iOS target not found
Native extension for Android target not found
[Package Manager] Server::EnsureServerProcessIsRunning -- launch failed, reason: Unity was launched with the -noUpm command-line argument
[Package Manager] UpmClient::Send -- Unable to send message (not connected to UPM process).
[Package Manager] Cannot connect to Unity Package Manager local server
Mono: successfully reloaded assembly
[Package Manager] Server::EnsureServerProcessIsRunning -- launch failed, reason: Unity was launched with the -noUpm command-line argument
[Package Manager] UpmClient::Send -- Unable to send message (not connected to UPM process).
[Package Manager] Cannot connect to Unity Package Manager local server
- Finished resetting the current domain, in  0.787 seconds
Domain Reload Profiling: 1176ms
	BeginReloadAssembly (130ms)
		ExecutionOrderSort (0ms)
		DisableScriptedObjects (3ms)
		BackupInstance (0ms)
		ReleaseScriptingObjects (0ms)
		CreateAndSetChildDomain (28ms)
	RebuildCommonClasses (35ms)
	RebuildNativeTypeToScriptingClass (14ms)
	initialDomainReloadingComplete (25ms)
	LoadAllAssembliesAndSetupDomain (186ms)
		LoadAssemblies (233ms)
		RebuildTransferFunctionScriptingTraits (0ms)
		AnalyzeDomain (25ms)
			TypeCache.Refresh (9ms)
				TypeCache.ScanAssembly (1ms)
			ScanForSourceGeneratedMonoScriptInfo (9ms)
			ResolveRequiredComponents (6ms)
	FinalizeReload (787ms)
		ReleaseScriptCaches (0ms)
		RebuildScriptCaches (0ms)
		SetupLoadedEditorAssemblies (392ms)
			LogAssemblyErrors (0ms)
			InitializePlatformSupportModulesInManaged (35ms)
			SetLoadedEditorAssemblies (3ms)
			RefreshPlugins (0ms)
			BeforeProcessingInitializeOnLoad (53ms)
			ProcessInitializeOnLoadAttributes (279ms)
			ProcessInitializeOnLoadMethodAttributes (16ms)
			AfterProcessingInitializeOnLoad (5ms)
			EditorAssembliesLoaded (0ms)
		ExecutionOrderSort2 (0ms)
		AwakeInstancesAfterBackupRestoration (7ms)
Refreshing native plugins compatible for Editor in 4.70 ms, found 3 plugins.
Preloading 0 native plugins for Editor in 0.00 ms.
Unloading 3216 Unused Serialized files (Serialized files now loaded: 0)
Unloading 34 unused Assets / (36.8 KB). Loaded Objects now: 3724.
Memory consumption went from 143.1 MB to 143.0 MB.
Total: 2.549600 ms (FindLiveObjects: 0.184300 ms CreateObjectMapping: 0.115800 ms MarkObjects: 2.182200 ms  DeleteObjects: 0.065800 ms)

Prepare: number of updated asset objects reloaded= 0
AssetImportParameters requested are different than current active one (requested -> active):
  custom:container-demuxer-ogg: 62fdf1f143b41e24485cea50d1cbac27 -> 
  custom:video-decoder-ogg-theora: a1e56fd34408186e4bbccfd4996cb3dc -> 
  custom:framework-win-MediaFoundation: 216162199b28c13a410421893ffa2e32 -> 
  custom:CustomObjectIndexerAttribute: 9a22284fe3817be447336de3de66b15e -> 
  custom:container-demuxer-webm: 4f35f7cbe854078d1ac9338744f61a02 -> 
  custom:scripting/monoscript/fileName/ChangeLevel.cs: 8a5e164792a2ad6ff61be4234c8b0f1a -> 
  custom:container-muxer-webm: aa71ff27fc2769a1b78a27578f13a17b -> 
  custom:video-decoder-webm-vp8: 9c59270c3fd7afecdb556c50c9e8de78 -> 
  custom:SearchIndexIgnoredProperties: e643bd26f0fe6173181afceb89e7c659 -> 
  custom:AudioImporter_EditorPlatform: d09bf68614088b80899f8185d706f6e7 -> 
  custom:video-encoder-webm-vp8: eb34c28f22e8b96e1ab97ce403110664 -> 
  custom:audio-decoder-ogg-vorbis: bf7c407c2cedff20999df2af8eb42d56 -> 
  custom:audio-encoder-webm-vorbis: bf7c407c2cedff20999df2af8eb42d56 -> 
========================================================================
Received Prepare
Begin MonoManager ReloadAssembly
- Loaded All Assemblies, in  0.353 seconds
Refreshing native plugins compatible for Editor in 3.94 ms, found 3 plugins.
Native extension for WindowsStandalone target not found
Native extension for iOS target not found
Native extension for Android target not found
[Package Manager] Server::EnsureServerProcessIsRunning -- launch failed, reason: Unity was launched with the -noUpm command-line argument
[Package Manager] UpmClient::Send -- Unable to send message (not connected to UPM process).
[Package Manager] Cannot connect to Unity Package Manager local server
Mono: successfully reloaded assembly
[Package Manager] Server::EnsureServerProcessIsRunning -- launch failed, reason: Unity was launched with the -noUpm command-line argument
[Package Manager] UpmClient::Send -- Unable to send message (not connected to UPM process).
[Package Manager] Cannot connect to Unity Package Manager local server
- Finished resetting the current domain, in  0.741 seconds
Domain Reload Profiling: 1093ms
	BeginReloadAssembly (132ms)
		ExecutionOrderSort (0ms)
		DisableScriptedObjects (4ms)
		BackupInstance (0ms)
		ReleaseScriptingObjects (0ms)
		CreateAndSetChildDomain (27ms)
	RebuildCommonClasses (23ms)
	RebuildNativeTypeToScriptingClass (7ms)
	initialDomainReloadingComplete (22ms)
	LoadAllAssembliesAndSetupDomain (168ms)
		LoadAssemblies (232ms)
		RebuildTransferFunctionScriptingTraits (0ms)
		AnalyzeDomain (11ms)
			TypeCache.Refresh (5ms)
				TypeCache.ScanAssembly (0ms)
			ScanForSourceGeneratedMonoScriptInfo (0ms)
			ResolveRequiredComponents (4ms)
	FinalizeReload (742ms)
		ReleaseScriptCaches (0ms)
		RebuildScriptCaches (0ms)
		SetupLoadedEditorAssemblies (377ms)
			LogAssemblyErrors (0ms)
			InitializePlatformSupportModulesInManaged (29ms)
			SetLoadedEditorAssemblies (2ms)
			RefreshPlugins (0ms)
			BeforeProcessingInitializeOnLoad (50ms)
			ProcessInitializeOnLoadAttributes (274ms)
			ProcessInitializeOnLoadMethodAttributes (17ms)
			AfterProcessingInitializeOnLoad (4ms)
			EditorAssembliesLoaded (0ms)
		ExecutionOrderSort2 (0ms)
		AwakeInstancesAfterBackupRestoration (7ms)
Refreshing native plugins compatible for Editor in 4.59 ms, found 3 plugins.
Preloading 0 native plugins for Editor in 0.00 ms.
Unloading 3216 Unused Serialized files (Serialized files now loaded: 0)
Unloading 34 unused Assets / (36.7 KB). Loaded Objects now: 3727.
Memory consumption went from 145.0 MB to 145.0 MB.
Total: 2.696400 ms (FindLiveObjects: 0.237400 ms CreateObjectMapping: 0.177100 ms MarkObjects: 2.231300 ms  DeleteObjects: 0.049800 ms)

Prepare: number of updated asset objects reloaded= 0
AssetImportParameters requested are different than current active one (requested -> active):
  custom:container-demuxer-ogg: 62fdf1f143b41e24485cea50d1cbac27 -> 
  custom:video-decoder-ogg-theora: a1e56fd34408186e4bbccfd4996cb3dc -> 
  custom:framework-win-MediaFoundation: 216162199b28c13a410421893ffa2e32 -> 
  custom:CustomObjectIndexerAttribute: 9a22284fe3817be447336de3de66b15e -> 
  custom:container-demuxer-webm: 4f35f7cbe854078d1ac9338744f61a02 -> 
  custom:scripting/monoscript/fileName/ChangeLevel.cs: 8a5e164792a2ad6ff61be4234c8b0f1a -> 
  custom:container-muxer-webm: aa71ff27fc2769a1b78a27578f13a17b -> 
  custom:video-decoder-webm-vp8: 9c59270c3fd7afecdb556c50c9e8de78 -> 
  custom:SearchIndexIgnoredProperties: e643bd26f0fe6173181afceb89e7c659 -> 
  custom:AudioImporter_EditorPlatform: d09bf68614088b80899f8185d706f6e7 -> 
  custom:video-encoder-webm-vp8: eb34c28f22e8b96e1ab97ce403110664 -> 
  custom:audio-decoder-ogg-vorbis: bf7c407c2cedff20999df2af8eb42d56 -> 
  custom:audio-encoder-webm-vorbis: bf7c407c2cedff20999df2af8eb42d56 -> 
========================================================================
Received Prepare
Begin MonoManager ReloadAssembly
- Loaded All Assemblies, in  0.340 seconds
Refreshing native plugins compatible for Editor in 3.43 ms, found 3 plugins.
Native extension for WindowsStandalone target not found
Native extension for iOS target not found
Native extension for Android target not found
[Package Manager] Server::EnsureServerProcessIsRunning -- launch failed, reason: Unity was launched with the -noUpm command-line argument
[Package Manager] UpmClient::Send -- Unable to send message (not connected to UPM process).
[Package Manager] Cannot connect to Unity Package Manager local server
Mono: successfully reloaded assembly
[Package Manager] Server::EnsureServerProcessIsRunning -- launch failed, reason: Unity was launched with the -noUpm command-line argument
[Package Manager] UpmClient::Send -- Unable to send message (not connected to UPM process).
[Package Manager] Cannot connect to Unity Package Manager local server
- Finished resetting the current domain, in  0.709 seconds
Domain Reload Profiling: 1047ms
	BeginReloadAssembly (121ms)
		ExecutionOrderSort (0ms)
		DisableScriptedObjects (5ms)
		BackupInstance (0ms)
		ReleaseScriptingObjects (0ms)
		CreateAndSetChildDomain (29ms)
	RebuildCommonClasses (22ms)
	RebuildNativeTypeToScriptingClass (8ms)
	initialDomainReloadingComplete (24ms)
	LoadAllAssembliesAndSetupDomain (162ms)
		LoadAssemblies (214ms)
		RebuildTransferFunctionScriptingTraits (0ms)
		AnalyzeDomain (11ms)
			TypeCache.Refresh (5ms)
				TypeCache.ScanAssembly (0ms)
			ScanForSourceGeneratedMonoScriptInfo (0ms)
			ResolveRequiredComponents (5ms)
	FinalizeReload (709ms)
		ReleaseScriptCaches (0ms)
		RebuildScriptCaches (0ms)
		SetupLoadedEditorAssemblies (372ms)
			LogAssemblyErrors (0ms)
			InitializePlatformSupportModulesInManaged (25ms)
			SetLoadedEditorAssemblies (2ms)
			RefreshPlugins (0ms)
			BeforeProcessingInitializeOnLoad (46ms)
			ProcessInitializeOnLoadAttributes (276ms)
			ProcessInitializeOnLoadMethodAttributes (19ms)
			AfterProcessingInitializeOnLoad (3ms)
			EditorAssembliesLoaded (0ms)
		ExecutionOrderSort2 (0ms)
		AwakeInstancesAfterBackupRestoration (5ms)
Refreshing native plugins compatible for Editor in 4.21 ms, found 3 plugins.
Preloading 0 native plugins for Editor in 0.00 ms.
Unloading 3216 Unused Serialized files (Serialized files now loaded: 0)
Unloading 34 unused Assets / (37.8 KB). Loaded Objects now: 3730.
Memory consumption went from 146.9 MB to 146.9 MB.
Total: 3.045800 ms (FindLiveObjects: 0.176000 ms CreateObjectMapping: 0.138400 ms MarkObjects: 2.674800 ms  DeleteObjects: 0.055800 ms)

Prepare: number of updated asset objects reloaded= 0
AssetImportParameters requested are different than current active one (requested -> active):
  custom:container-demuxer-ogg: 62fdf1f143b41e24485cea50d1cbac27 -> 
  custom:video-decoder-ogg-theora: a1e56fd34408186e4bbccfd4996cb3dc -> 
  custom:framework-win-MediaFoundation: 216162199b28c13a410421893ffa2e32 -> 
  custom:CustomObjectIndexerAttribute: 9a22284fe3817be447336de3de66b15e -> 
  custom:container-demuxer-webm: 4f35f7cbe854078d1ac9338744f61a02 -> 
  custom:scripting/monoscript/fileName/ChangeLevel.cs: 8a5e164792a2ad6ff61be4234c8b0f1a -> 
  custom:container-muxer-webm: aa71ff27fc2769a1b78a27578f13a17b -> 
  custom:video-decoder-webm-vp8: 9c59270c3fd7afecdb556c50c9e8de78 -> 
  custom:SearchIndexIgnoredProperties: e643bd26f0fe6173181afceb89e7c659 -> 
  custom:AudioImporter_EditorPlatform: d09bf68614088b80899f8185d706f6e7 -> 
  custom:video-encoder-webm-vp8: eb34c28f22e8b96e1ab97ce403110664 -> 
  custom:audio-decoder-ogg-vorbis: bf7c407c2cedff20999df2af8eb42d56 -> 
  custom:audio-encoder-webm-vorbis: bf7c407c2cedff20999df2af8eb42d56 -> 
Editor requested this worker to shutdown with reason: Scaling down because of idle timeout
TcpMessagingSession - receive error: operation aborted. errorcode: 995, details: Bir i parac k veya bir uygulama istei nedeniyle G/ ilemi iptal edildi.
AssetImportWorker is now disconnected from the server
Process exiting
Exiting without the bug reporter. Application will terminate with return code 0