Using pre-set license
Built from '2022.3/staging' branch; Version is '2022.3.24f1 (334eb2a0b267) revision 3362482'; Using compiler version '192829333'; Build Type 'Release'
OS: 'Windows 11  (10.0.22631) 64bit CoreSingleLanguage' Language: 'tr' Physical Memory: 16197 MB
BatchMode: 1, IsHumanControllingUs: 0, StartBugReporterOnCrash: 0, Is64bit: 1, IsPro: 1

COMMAND LINE ARGUMENTS:
C:\Program Files\Unity\Hub\Editor\2022.3.24f1\Editor\Unity.exe
-adb2
-batchMode
-noUpm
-name
AssetImportWorker12
-projectPath
C:/Users/SOTH/Documents/GitHub/L7
-logFile
Logs/AssetImportWorker12.log
-srvPort
50907
Successfully changed project path to: C:/Users/SOTH/Documents/GitHub/L7
C:/Users/SOTH/Documents/GitHub/L7
[UnityMemory] Configuration Parameters - Can be set up in boot.config
    "memorysetup-bucket-allocator-granularity=16"
    "memorysetup-bucket-allocator-bucket-count=8"
    "memorysetup-bucket-allocator-block-size=33554432"
    "memorysetup-bucket-allocator-block-count=8"
    "memorysetup-main-allocator-block-size=16777216"
    "memorysetup-thread-allocator-block-size=16777216"
    "memorysetup-gfx-main-allocator-block-size=16777216"
    "memorysetup-gfx-thread-allocator-block-size=16777216"
    "memorysetup-cache-allocator-block-size=4194304"
    "memorysetup-typetree-allocator-block-size=2097152"
    "memorysetup-profiler-bucket-allocator-granularity=16"
    "memorysetup-profiler-bucket-allocator-bucket-count=8"
    "memorysetup-profiler-bucket-allocator-block-size=33554432"
    "memorysetup-profiler-bucket-allocator-block-count=8"
    "memorysetup-profiler-allocator-block-size=16777216"
    "memorysetup-profiler-editor-allocator-block-size=1048576"
    "memorysetup-temp-allocator-size-main=16777216"
    "memorysetup-job-temp-allocator-block-size=2097152"
    "memorysetup-job-temp-allocator-block-size-background=1048576"
    "memorysetup-job-temp-allocator-reduction-small-platforms=262144"
    "memorysetup-allocator-temp-initial-block-size-main=262144"
    "memorysetup-allocator-temp-initial-block-size-worker=262144"
    "memorysetup-temp-allocator-size-background-worker=32768"
    "memorysetup-temp-allocator-size-job-worker=262144"
    "memorysetup-temp-allocator-size-preload-manager=33554432"
    "memorysetup-temp-allocator-size-nav-mesh-worker=65536"
    "memorysetup-temp-allocator-size-audio-worker=65536"
    "memorysetup-temp-allocator-size-cloud-worker=32768"
    "memorysetup-temp-allocator-size-gi-baking-worker=262144"
    "memorysetup-temp-allocator-size-gfx=262144"
Player connection [19860] Host "[IP] 192.168.1.127 [Port] 0 [Flags] 2 [Guid] 2576024562 [EditorId] 2576024562 [Version] 1048832 [Id] WindowsEditor(7,HouseOfTheHawk) [Debug] 1 [PackageName] WindowsEditor [ProjectName] Editor" joined multi-casting on [225.0.0.222:54997]...

Player connection [19860] Host "[IP] 192.168.1.127 [Port] 0 [Flags] 2 [Guid] 2576024562 [EditorId] 2576024562 [Version] 1048832 [Id] WindowsEditor(7,HouseOfTheHawk) [Debug] 1 [PackageName] WindowsEditor [ProjectName] Editor" joined alternative multi-casting on [225.0.0.222:34997]...

[Physics::Module] Initialized MultithreadedJobDispatcher with 11 workers.
Refreshing native plugins compatible for Editor in 6.96 ms, found 3 plugins.
Preloading 0 native plugins for Editor in 0.00 ms.
Initialize engine version: 2022.3.24f1 (334eb2a0b267)
[Subsystems] Discovering subsystems at path C:/Program Files/Unity/Hub/Editor/2022.3.24f1/Editor/Data/Resources/UnitySubsystems
[Subsystems] Discovering subsystems at path C:/Users/SOTH/Documents/GitHub/L7/Assets
GfxDevice: creating device client; threaded=0; jobified=0
Direct3D:
    Version:  Direct3D 11.0 [level 11.1]
    Renderer: NVIDIA GeForce RTX 3060 (ID=0x2544)
    Vendor:   NVIDIA
    VRAM:     8036 MB
    Driver:   32.0.15.6094
Initialize mono
Mono path[0] = 'C:/Program Files/Unity/Hub/Editor/2022.3.24f1/Editor/Data/Managed'
Mono path[1] = 'C:/Program Files/Unity/Hub/Editor/2022.3.24f1/Editor/Data/MonoBleedingEdge/lib/mono/unityjit-win32'
Mono config path = 'C:/Program Files/Unity/Hub/Editor/2022.3.24f1/Editor/Data/MonoBleedingEdge/etc'
Using monoOptions --debugger-agent=transport=dt_socket,embedding=1,server=y,suspend=n,address=127.0.0.1:56312
Begin MonoManager ReloadAssembly
Registering precompiled unity dll's ...
Register platform support module: C:/Program Files/Unity/Hub/Editor/2022.3.24f1/Editor/Data/PlaybackEngines/AndroidPlayer/UnityEditor.Android.Extensions.dll
Register platform support module: C:/Program Files/Unity/Hub/Editor/2022.3.24f1/Editor/Data/PlaybackEngines/iOSSupport/UnityEditor.iOS.Extensions.dll
Register platform support module: C:/Program Files/Unity/Hub/Editor/2022.3.24f1/Editor/Data/PlaybackEngines/WindowsStandaloneSupport/UnityEditor.WindowsStandalone.Extensions.dll
Registered in 0.005076 seconds.
- Loaded All Assemblies, in  0.307 seconds
Native extension for WindowsStandalone target not found
[usbmuxd] Start listen thread
[usbmuxd] Listen thread started
[usbmuxd] Send listen message
Native extension for iOS target not found
Native extension for Android target not found
Android Extension - Scanning For ADB Devices 113 ms
Mono: successfully reloaded assembly
- Finished resetting the current domain, in  0.372 seconds
Domain Reload Profiling: 678ms
	BeginReloadAssembly (99ms)
		ExecutionOrderSort (0ms)
		DisableScriptedObjects (0ms)
		BackupInstance (0ms)
		ReleaseScriptingObjects (0ms)
		CreateAndSetChildDomain (1ms)
	RebuildCommonClasses (29ms)
	RebuildNativeTypeToScriptingClass (8ms)
	initialDomainReloadingComplete (46ms)
	LoadAllAssembliesAndSetupDomain (125ms)
		LoadAssemblies (100ms)
		RebuildTransferFunctionScriptingTraits (0ms)
		AnalyzeDomain (121ms)
			TypeCache.Refresh (120ms)
				TypeCache.ScanAssembly (108ms)
			ScanForSourceGeneratedMonoScriptInfo (0ms)
			ResolveRequiredComponents (0ms)
	FinalizeReload (372ms)
		ReleaseScriptCaches (0ms)
		RebuildScriptCaches (0ms)
		SetupLoadedEditorAssemblies (329ms)
			LogAssemblyErrors (0ms)
			InitializePlatformSupportModulesInManaged (199ms)
			SetLoadedEditorAssemblies (3ms)
			RefreshPlugins (0ms)
			BeforeProcessingInitializeOnLoad (1ms)
			ProcessInitializeOnLoadAttributes (89ms)
			ProcessInitializeOnLoadMethodAttributes (38ms)
			AfterProcessingInitializeOnLoad (0ms)
			EditorAssembliesLoaded (0ms)
		ExecutionOrderSort2 (0ms)
		AwakeInstancesAfterBackupRestoration (0ms)
========================================================================
Worker process is ready to serve import requests
Begin MonoManager ReloadAssembly
- Loaded All Assemblies, in  0.477 seconds
Refreshing native plugins compatible for Editor in 3.12 ms, found 3 plugins.
Native extension for WindowsStandalone target not found
Native extension for iOS target not found
Native extension for Android target not found
Package Manager log level set to [2]
[Package Manager] Server::EnsureServerProcessIsRunning -- launch failed, reason: Unity was launched with the -noUpm command-line argument
[Package Manager] UpmClient::Send -- Unable to send message (not connected to UPM process).
[Package Manager] Cannot connect to Unity Package Manager local server
Mono: successfully reloaded assembly
[Package Manager] Server::EnsureServerProcessIsRunning -- launch failed, reason: Unity was launched with the -noUpm command-line argument
[Package Manager] UpmClient::Send -- Unable to send message (not connected to UPM process).
[Package Manager] Cannot connect to Unity Package Manager local server
[Package Manager] Server::EnsureServerProcessIsRunning -- launch failed, reason: Unity was launched with the -noUpm command-line argument
[Package Manager] UpmClient::Send -- Unable to send message (not connected to UPM process).
[Package Manager] Cannot connect to Unity Package Manager local server
- Finished resetting the current domain, in  0.468 seconds
Domain Reload Profiling: 944ms
	BeginReloadAssembly (113ms)
		ExecutionOrderSort (0ms)
		DisableScriptedObjects (4ms)
		BackupInstance (0ms)
		ReleaseScriptingObjects (0ms)
		CreateAndSetChildDomain (15ms)
	RebuildCommonClasses (23ms)
	RebuildNativeTypeToScriptingClass (7ms)
	initialDomainReloadingComplete (33ms)
	LoadAllAssembliesAndSetupDomain (300ms)
		LoadAssemblies (247ms)
		RebuildTransferFunctionScriptingTraits (0ms)
		AnalyzeDomain (118ms)
			TypeCache.Refresh (100ms)
				TypeCache.ScanAssembly (86ms)
			ScanForSourceGeneratedMonoScriptInfo (14ms)
			ResolveRequiredComponents (4ms)
	FinalizeReload (468ms)
		ReleaseScriptCaches (0ms)
		RebuildScriptCaches (0ms)
		SetupLoadedEditorAssemblies (355ms)
			LogAssemblyErrors (0ms)
			InitializePlatformSupportModulesInManaged (26ms)
			SetLoadedEditorAssemblies (3ms)
			RefreshPlugins (0ms)
			BeforeProcessingInitializeOnLoad (39ms)
			ProcessInitializeOnLoadAttributes (260ms)
			ProcessInitializeOnLoadMethodAttributes (22ms)
			AfterProcessingInitializeOnLoad (4ms)
			EditorAssembliesLoaded (0ms)
		ExecutionOrderSort2 (0ms)
		AwakeInstancesAfterBackupRestoration (5ms)
Launched and connected shader compiler UnityShaderCompiler.exe after 0.04 seconds
Refreshing native plugins compatible for Editor in 2.87 ms, found 3 plugins.
Preloading 0 native plugins for Editor in 0.00 ms.
Unloading 3263 Unused Serialized files (Serialized files now loaded: 0)
Unloading 44 unused Assets / (35.4 KB). Loaded Objects now: 3741.
Memory consumption went from 143.5 MB to 143.4 MB.
Total: 2.337700 ms (FindLiveObjects: 0.160700 ms CreateObjectMapping: 0.071500 ms MarkObjects: 2.055600 ms  DeleteObjects: 0.049100 ms)

AssetImportParameters requested are different than current active one (requested -> active):
  custom:container-demuxer-ogg: 62fdf1f143b41e24485cea50d1cbac27 -> 
  custom:video-decoder-ogg-theora: a1e56fd34408186e4bbccfd4996cb3dc -> 
  custom:framework-win-MediaFoundation: 216162199b28c13a410421893ffa2e32 -> 
  custom:CustomObjectIndexerAttribute: 9a22284fe3817be447336de3de66b15e -> 
  custom:container-demuxer-webm: 4f35f7cbe854078d1ac9338744f61a02 -> 
  custom:container-muxer-webm: aa71ff27fc2769a1b78a27578f13a17b -> 
  custom:video-decoder-webm-vp8: 9c59270c3fd7afecdb556c50c9e8de78 -> 
  custom:SearchIndexIgnoredProperties: e643bd26f0fe6173181afceb89e7c659 -> 
  custom:AudioImporter_EditorPlatform: d09bf68614088b80899f8185d706f6e7 -> 
  custom:scripting/monoscript/fileName/Mermi.cs: f6ce89fed3031794ebe8c5eaa628f55d -> 
  custom:video-encoder-webm-vp8: eb34c28f22e8b96e1ab97ce403110664 -> 
  custom:audio-decoder-ogg-vorbis: bf7c407c2cedff20999df2af8eb42d56 -> 
  custom:audio-encoder-webm-vorbis: bf7c407c2cedff20999df2af8eb42d56 -> 
========================================================================
Received Import Request.
  Time since last request: 22679.800788 seconds.
  path: Assets/Project/Prefabs/AllProps2.prefab
  artifactKey: Guid(9f4755ccb3d811b4cbf3eecedd28f967) Importer(815301076,1909f56bfc062723c751e8b465ee728b)
Start importing Assets/Project/Prefabs/AllProps2.prefab using Guid(9f4755ccb3d811b4cbf3eecedd28f967) Importer(815301076,1909f56bfc062723c751e8b465ee728b)  -> (artifact id: '0fe3bfc5b2f637af39bbb152cc6c1f48') in 0.145566 seconds
Number of updated asset objects reloaded before import = 0
Number of asset objects unloaded after import = 872
========================================================================
Received Import Request.
  Time since last request: 5.701675 seconds.
  path: Assets/Project/Prefabs/AllProps2.prefab
  artifactKey: Guid(9f4755ccb3d811b4cbf3eecedd28f967) Importer(815301076,1909f56bfc062723c751e8b465ee728b)
Start importing Assets/Project/Prefabs/AllProps2.prefab using Guid(9f4755ccb3d811b4cbf3eecedd28f967) Importer(815301076,1909f56bfc062723c751e8b465ee728b)  -> (artifact id: '8ec39630da979c9c198e038c945b2266') in 0.151844 seconds
Number of updated asset objects reloaded before import = 0
Number of asset objects unloaded after import = 881
========================================================================
Received Import Request.
  Time since last request: 46.978664 seconds.
  path: Assets/Project/Prefabs/AllProps2.prefab
  artifactKey: Guid(9f4755ccb3d811b4cbf3eecedd28f967) Importer(815301076,1909f56bfc062723c751e8b465ee728b)
Start importing Assets/Project/Prefabs/AllProps2.prefab using Guid(9f4755ccb3d811b4cbf3eecedd28f967) Importer(815301076,1909f56bfc062723c751e8b465ee728b)  -> (artifact id: '130ab2282601de4bc846c40cf8bbb681') in 0.045539 seconds
Number of updated asset objects reloaded before import = 0
Number of asset objects unloaded after import = 881
========================================================================
Received Import Request.
  Time since last request: 0.000019 seconds.
  path: Assets/Project/Prefabs/skull.prefab
  artifactKey: Guid(4f5603dfa660fed498b7d2ea0d96f773) Importer(815301076,1909f56bfc062723c751e8b465ee728b)
Start importing Assets/Project/Prefabs/skull.prefab using Guid(4f5603dfa660fed498b7d2ea0d96f773) Importer(815301076,1909f56bfc062723c751e8b465ee728b)  -> (artifact id: 'd06871035244c2f48768716e002dd3da') in 0.029872 seconds
Number of updated asset objects reloaded before import = 0
Number of asset objects unloaded after import = 360
========================================================================
Received Import Request.
  Time since last request: 1.134293 seconds.
  path: Assets/Project/Prefabs/AllProps2.prefab
  artifactKey: Guid(9f4755ccb3d811b4cbf3eecedd28f967) Importer(815301076,1909f56bfc062723c751e8b465ee728b)
Start importing Assets/Project/Prefabs/AllProps2.prefab using Guid(9f4755ccb3d811b4cbf3eecedd28f967) Importer(815301076,1909f56bfc062723c751e8b465ee728b)  -> (artifact id: '3f5e1a70f021c1f76487cc8b782fdcf5') in 0.039675 seconds
Number of updated asset objects reloaded before import = 0
Number of asset objects unloaded after import = 881
========================================================================
Received Import Request.
  Time since last request: 0.000029 seconds.
  path: Assets/Project/Prefabs/Ch11_nonPBR.prefab
  artifactKey: Guid(ef88b5fcd172d274a89c8679b8537003) Importer(815301076,1909f56bfc062723c751e8b465ee728b)
Start importing Assets/Project/Prefabs/Ch11_nonPBR.prefab using Guid(ef88b5fcd172d274a89c8679b8537003) Importer(815301076,1909f56bfc062723c751e8b465ee728b)  -> (artifact id: '8f9e14aae4b7aea7c5c509792e208546') in 0.038890 seconds
Number of updated asset objects reloaded before import = 0
Number of asset objects unloaded after import = 333
========================================================================
Received Import Request.
  Time since last request: 8.596655 seconds.
  path: Assets/Project/Prefabs/AllProps2.prefab
  artifactKey: Guid(9f4755ccb3d811b4cbf3eecedd28f967) Importer(815301076,1909f56bfc062723c751e8b465ee728b)
Start importing Assets/Project/Prefabs/AllProps2.prefab using Guid(9f4755ccb3d811b4cbf3eecedd28f967) Importer(815301076,1909f56bfc062723c751e8b465ee728b)  -> (artifact id: '235d739216a9d8a4316e97fc97c87a60') in 0.042103 seconds
Number of updated asset objects reloaded before import = 0
Number of asset objects unloaded after import = 881
========================================================================
Received Import Request.
  Time since last request: 0.000015 seconds.
  path: Assets/Project/Prefabs/Ch11_nonPBR.prefab
  artifactKey: Guid(ef88b5fcd172d274a89c8679b8537003) Importer(815301076,1909f56bfc062723c751e8b465ee728b)
Start importing Assets/Project/Prefabs/Ch11_nonPBR.prefab using Guid(ef88b5fcd172d274a89c8679b8537003) Importer(815301076,1909f56bfc062723c751e8b465ee728b)  -> (artifact id: 'f05b057f2b0642ee836b34eb29b3aaae') in 0.031756 seconds
Number of updated asset objects reloaded before import = 0
Number of asset objects unloaded after import = 333
========================================================================
Received Import Request.
  Time since last request: 3.141808 seconds.
  path: Assets/Project/Prefabs/AllProps2.prefab
  artifactKey: Guid(9f4755ccb3d811b4cbf3eecedd28f967) Importer(815301076,1909f56bfc062723c751e8b465ee728b)
Start importing Assets/Project/Prefabs/AllProps2.prefab using Guid(9f4755ccb3d811b4cbf3eecedd28f967) Importer(815301076,1909f56bfc062723c751e8b465ee728b)  -> (artifact id: 'cd3cabd630b40ffa31d285ca95bc6fce') in 0.040666 seconds
Number of updated asset objects reloaded before import = 0
Number of asset objects unloaded after import = 881
========================================================================
Received Import Request.
  Time since last request: 0.000021 seconds.
  path: Assets/Project/Prefabs/skull.prefab
  artifactKey: Guid(4f5603dfa660fed498b7d2ea0d96f773) Importer(815301076,1909f56bfc062723c751e8b465ee728b)
Start importing Assets/Project/Prefabs/skull.prefab using Guid(4f5603dfa660fed498b7d2ea0d96f773) Importer(815301076,1909f56bfc062723c751e8b465ee728b)  -> (artifact id: '9d5b2ed85c7441185a55c9262c76b2ab') in 0.031206 seconds
Number of updated asset objects reloaded before import = 0
Number of asset objects unloaded after import = 360
========================================================================
Received Import Request.
  Time since last request: 3.149638 seconds.
  path: Assets/Project/Prefabs/AllProps2.prefab
  artifactKey: Guid(9f4755ccb3d811b4cbf3eecedd28f967) Importer(815301076,1909f56bfc062723c751e8b465ee728b)
Start importing Assets/Project/Prefabs/AllProps2.prefab using Guid(9f4755ccb3d811b4cbf3eecedd28f967) Importer(815301076,1909f56bfc062723c751e8b465ee728b)  -> (artifact id: 'f74aba828c6c80f4aeda38740a46978b') in 0.047688 seconds
Number of updated asset objects reloaded before import = 0
Number of asset objects unloaded after import = 881
========================================================================
Received Import Request.
  Time since last request: 0.000015 seconds.
  path: Assets/Project/Prefabs/Ch11_nonPBR.prefab
  artifactKey: Guid(ef88b5fcd172d274a89c8679b8537003) Importer(815301076,1909f56bfc062723c751e8b465ee728b)
Start importing Assets/Project/Prefabs/Ch11_nonPBR.prefab using Guid(ef88b5fcd172d274a89c8679b8537003) Importer(815301076,1909f56bfc062723c751e8b465ee728b)  -> (artifact id: '04a6f27e6a70070bc868311f00ffbf07') in 0.031188 seconds
Number of updated asset objects reloaded before import = 0
Number of asset objects unloaded after import = 333
========================================================================
Received Import Request.
  Time since last request: 11.814263 seconds.
  path: Assets/Project/Prefabs/AllProps2.prefab
  artifactKey: Guid(9f4755ccb3d811b4cbf3eecedd28f967) Importer(815301076,1909f56bfc062723c751e8b465ee728b)
Start importing Assets/Project/Prefabs/AllProps2.prefab using Guid(9f4755ccb3d811b4cbf3eecedd28f967) Importer(815301076,1909f56bfc062723c751e8b465ee728b)  -> (artifact id: '83bfd57d426ceda3f053d5ef8f857666') in 0.042703 seconds
Number of updated asset objects reloaded before import = 0
Number of asset objects unloaded after import = 881
========================================================================
Received Import Request.
  Time since last request: 0.000017 seconds.
  path: Assets/Project/Prefabs/skull.prefab
  artifactKey: Guid(4f5603dfa660fed498b7d2ea0d96f773) Importer(815301076,1909f56bfc062723c751e8b465ee728b)
Start importing Assets/Project/Prefabs/skull.prefab using Guid(4f5603dfa660fed498b7d2ea0d96f773) Importer(815301076,1909f56bfc062723c751e8b465ee728b)  -> (artifact id: '9eb3b017e7f7018329621fb1003ab118') in 0.028444 seconds
Number of updated asset objects reloaded before import = 0
Number of asset objects unloaded after import = 360
========================================================================
Received Import Request.
  Time since last request: 9.228010 seconds.
  path: Assets/Project/Prefabs/AllProps2.prefab
  artifactKey: Guid(9f4755ccb3d811b4cbf3eecedd28f967) Importer(815301076,1909f56bfc062723c751e8b465ee728b)
Start importing Assets/Project/Prefabs/AllProps2.prefab using Guid(9f4755ccb3d811b4cbf3eecedd28f967) Importer(815301076,1909f56bfc062723c751e8b465ee728b)  -> (artifact id: '1cb5cc67de950b0e2aaf54ac7a6afd16') in 0.040057 seconds
Number of updated asset objects reloaded before import = 0
Number of asset objects unloaded after import = 881
========================================================================
Received Import Request.
  Time since last request: 0.000019 seconds.
  path: Assets/Project/Prefabs/Ch11_nonPBR.prefab
  artifactKey: Guid(ef88b5fcd172d274a89c8679b8537003) Importer(815301076,1909f56bfc062723c751e8b465ee728b)
Start importing Assets/Project/Prefabs/Ch11_nonPBR.prefab using Guid(ef88b5fcd172d274a89c8679b8537003) Importer(815301076,1909f56bfc062723c751e8b465ee728b)  -> (artifact id: '694ccec6123cbab61ac16862f3fd93f8') in 0.029763 seconds
Number of updated asset objects reloaded before import = 0
Number of asset objects unloaded after import = 333
========================================================================
Received Import Request.
  Time since last request: 2.555753 seconds.
  path: Assets/Project/Prefabs/AllProps2.prefab
  artifactKey: Guid(9f4755ccb3d811b4cbf3eecedd28f967) Importer(815301076,1909f56bfc062723c751e8b465ee728b)
Start importing Assets/Project/Prefabs/AllProps2.prefab using Guid(9f4755ccb3d811b4cbf3eecedd28f967) Importer(815301076,1909f56bfc062723c751e8b465ee728b)  -> (artifact id: '6558537a3fe27799e00d5c30de6c7701') in 0.042113 seconds
Number of updated asset objects reloaded before import = 0
Number of asset objects unloaded after import = 881
========================================================================
Received Import Request.
  Time since last request: 0.000016 seconds.
  path: Assets/Project/Prefabs/Ch11_nonPBR.prefab
  artifactKey: Guid(ef88b5fcd172d274a89c8679b8537003) Importer(815301076,1909f56bfc062723c751e8b465ee728b)
Start importing Assets/Project/Prefabs/Ch11_nonPBR.prefab using Guid(ef88b5fcd172d274a89c8679b8537003) Importer(815301076,1909f56bfc062723c751e8b465ee728b)  -> (artifact id: '41a597101374fa5fb23812306aa5666e') in 0.029997 seconds
Number of updated asset objects reloaded before import = 0
Number of asset objects unloaded after import = 333
========================================================================
Received Import Request.
  Time since last request: 2.146121 seconds.
  path: Assets/Project/Prefabs/AllProps2.prefab
  artifactKey: Guid(9f4755ccb3d811b4cbf3eecedd28f967) Importer(815301076,1909f56bfc062723c751e8b465ee728b)
Start importing Assets/Project/Prefabs/AllProps2.prefab using Guid(9f4755ccb3d811b4cbf3eecedd28f967) Importer(815301076,1909f56bfc062723c751e8b465ee728b)  -> (artifact id: '9a3873dd96b40edc43576a4d2bae3dac') in 0.044465 seconds
Number of updated asset objects reloaded before import = 0
Number of asset objects unloaded after import = 881
========================================================================
Received Import Request.
  Time since last request: 0.000017 seconds.
  path: Assets/Project/Prefabs/skull.prefab
  artifactKey: Guid(4f5603dfa660fed498b7d2ea0d96f773) Importer(815301076,1909f56bfc062723c751e8b465ee728b)
Start importing Assets/Project/Prefabs/skull.prefab using Guid(4f5603dfa660fed498b7d2ea0d96f773) Importer(815301076,1909f56bfc062723c751e8b465ee728b)  -> (artifact id: 'a5eb73198c0d5a824864335555e65187') in 0.030177 seconds
Number of updated asset objects reloaded before import = 0
Number of asset objects unloaded after import = 360
========================================================================
Received Import Request.
  Time since last request: 4.567599 seconds.
  path: Assets/Project/Prefabs/AllProps2.prefab
  artifactKey: Guid(9f4755ccb3d811b4cbf3eecedd28f967) Importer(815301076,1909f56bfc062723c751e8b465ee728b)
Start importing Assets/Project/Prefabs/AllProps2.prefab using Guid(9f4755ccb3d811b4cbf3eecedd28f967) Importer(815301076,1909f56bfc062723c751e8b465ee728b)  -> (artifact id: 'e29cfe797dbfe8ede7a66fa8159b66ba') in 0.042211 seconds
Number of updated asset objects reloaded before import = 0
Number of asset objects unloaded after import = 881
========================================================================
Received Import Request.
  Time since last request: 0.000016 seconds.
  path: Assets/Project/Prefabs/skull.prefab
  artifactKey: Guid(4f5603dfa660fed498b7d2ea0d96f773) Importer(815301076,1909f56bfc062723c751e8b465ee728b)
Start importing Assets/Project/Prefabs/skull.prefab using Guid(4f5603dfa660fed498b7d2ea0d96f773) Importer(815301076,1909f56bfc062723c751e8b465ee728b)  -> (artifact id: 'e5bbd5b5eac505ec00a1bc171e5b67cd') in 0.028591 seconds
Number of updated asset objects reloaded before import = 0
Number of asset objects unloaded after import = 360
========================================================================
Received Import Request.
  Time since last request: 1.944218 seconds.
  path: Assets/Project/Prefabs/AllProps2.prefab
  artifactKey: Guid(9f4755ccb3d811b4cbf3eecedd28f967) Importer(815301076,1909f56bfc062723c751e8b465ee728b)
Start importing Assets/Project/Prefabs/AllProps2.prefab using Guid(9f4755ccb3d811b4cbf3eecedd28f967) Importer(815301076,1909f56bfc062723c751e8b465ee728b)  -> (artifact id: 'a76345a6d581353f1feaba2c5069a343') in 0.040696 seconds
Number of updated asset objects reloaded before import = 0
Number of asset objects unloaded after import = 881
========================================================================
Received Import Request.
  Time since last request: 0.000019 seconds.
  path: Assets/Project/Prefabs/Ch11_nonPBR.prefab
  artifactKey: Guid(ef88b5fcd172d274a89c8679b8537003) Importer(815301076,1909f56bfc062723c751e8b465ee728b)
Start importing Assets/Project/Prefabs/Ch11_nonPBR.prefab using Guid(ef88b5fcd172d274a89c8679b8537003) Importer(815301076,1909f56bfc062723c751e8b465ee728b)  -> (artifact id: '641ec4bc34c5f75e3ce7c0b290551740') in 0.027519 seconds
Number of updated asset objects reloaded before import = 0
Number of asset objects unloaded after import = 333
========================================================================
Received Import Request.
  Time since last request: 3.356775 seconds.
  path: Assets/Project/Prefabs/AllProps2.prefab
  artifactKey: Guid(9f4755ccb3d811b4cbf3eecedd28f967) Importer(815301076,1909f56bfc062723c751e8b465ee728b)
Start importing Assets/Project/Prefabs/AllProps2.prefab using Guid(9f4755ccb3d811b4cbf3eecedd28f967) Importer(815301076,1909f56bfc062723c751e8b465ee728b)  -> (artifact id: '86220d5f5d5f9cc4b2acf7231ca8eebd') in 0.042271 seconds
Number of updated asset objects reloaded before import = 0
Number of asset objects unloaded after import = 881
========================================================================
Received Import Request.
  Time since last request: 0.000018 seconds.
  path: Assets/Project/Prefabs/skull.prefab
  artifactKey: Guid(4f5603dfa660fed498b7d2ea0d96f773) Importer(815301076,1909f56bfc062723c751e8b465ee728b)
Start importing Assets/Project/Prefabs/skull.prefab using Guid(4f5603dfa660fed498b7d2ea0d96f773) Importer(815301076,1909f56bfc062723c751e8b465ee728b)  -> (artifact id: '82ff1f6c6d9b6444ebd39d84290f3359') in 0.030458 seconds
Number of updated asset objects reloaded before import = 0
Number of asset objects unloaded after import = 360
========================================================================
Received Import Request.
  Time since last request: 2.137910 seconds.
  path: Assets/Project/Prefabs/AllProps2.prefab
  artifactKey: Guid(9f4755ccb3d811b4cbf3eecedd28f967) Importer(815301076,1909f56bfc062723c751e8b465ee728b)
Start importing Assets/Project/Prefabs/AllProps2.prefab using Guid(9f4755ccb3d811b4cbf3eecedd28f967) Importer(815301076,1909f56bfc062723c751e8b465ee728b)  -> (artifact id: 'd5e63d62f186335d21fa6e07cfcd5786') in 0.042686 seconds
Number of updated asset objects reloaded before import = 0
Number of asset objects unloaded after import = 881
========================================================================
Received Import Request.
  Time since last request: 0.000019 seconds.
  path: Assets/Project/Prefabs/Ch11_nonPBR.prefab
  artifactKey: Guid(ef88b5fcd172d274a89c8679b8537003) Importer(815301076,1909f56bfc062723c751e8b465ee728b)
Start importing Assets/Project/Prefabs/Ch11_nonPBR.prefab using Guid(ef88b5fcd172d274a89c8679b8537003) Importer(815301076,1909f56bfc062723c751e8b465ee728b)  -> (artifact id: '09f649136dbf72b9e057bec8dd6d7520') in 0.030652 seconds
Number of updated asset objects reloaded before import = 0
Number of asset objects unloaded after import = 333
========================================================================
Received Import Request.
  Time since last request: 3.148225 seconds.
  path: Assets/Project/Prefabs/AllProps2.prefab
  artifactKey: Guid(9f4755ccb3d811b4cbf3eecedd28f967) Importer(815301076,1909f56bfc062723c751e8b465ee728b)
Start importing Assets/Project/Prefabs/AllProps2.prefab using Guid(9f4755ccb3d811b4cbf3eecedd28f967) Importer(815301076,1909f56bfc062723c751e8b465ee728b)  -> (artifact id: '0323940e91f97c5427f87211e48f5ee1') in 0.044257 seconds
Number of updated asset objects reloaded before import = 0
Number of asset objects unloaded after import = 881
========================================================================
Received Import Request.
  Time since last request: 0.000025 seconds.
  path: Assets/Project/Prefabs/skull.prefab
  artifactKey: Guid(4f5603dfa660fed498b7d2ea0d96f773) Importer(815301076,1909f56bfc062723c751e8b465ee728b)
Start importing Assets/Project/Prefabs/skull.prefab using Guid(4f5603dfa660fed498b7d2ea0d96f773) Importer(815301076,1909f56bfc062723c751e8b465ee728b)  -> (artifact id: '54c2b5158e03273db25c375a23db69cf') in 0.031090 seconds
Number of updated asset objects reloaded before import = 0
Number of asset objects unloaded after import = 360
========================================================================
Received Import Request.
  Time since last request: 9.224073 seconds.
  path: Assets/Project/Prefabs/AllProps2.prefab
  artifactKey: Guid(9f4755ccb3d811b4cbf3eecedd28f967) Importer(815301076,1909f56bfc062723c751e8b465ee728b)
Start importing Assets/Project/Prefabs/AllProps2.prefab using Guid(9f4755ccb3d811b4cbf3eecedd28f967) Importer(815301076,1909f56bfc062723c751e8b465ee728b)  -> (artifact id: '2af08e2c266d306d35e85f7241205d25') in 0.145033 seconds
Number of updated asset objects reloaded before import = 0
Number of asset objects unloaded after import = 881
========================================================================
Received Import Request.
  Time since last request: 0.000029 seconds.
  path: Assets/Project/Prefabs/Zombiegirl W Kurniawan.prefab
  artifactKey: Guid(d7411370d71f75848ac8e37297a885e0) Importer(815301076,1909f56bfc062723c751e8b465ee728b)
Start importing Assets/Project/Prefabs/Zombiegirl W Kurniawan.prefab using Guid(d7411370d71f75848ac8e37297a885e0) Importer(815301076,1909f56bfc062723c751e8b465ee728b)  -> (artifact id: 'f03023979878aed8f0c334356c2b1263') in 0.095316 seconds
Number of updated asset objects reloaded before import = 0
Number of asset objects unloaded after import = 649
========================================================================
Received Import Request.
  Time since last request: 0.974016 seconds.
  path: Assets/Project/Prefabs/AllProps2.prefab
  artifactKey: Guid(9f4755ccb3d811b4cbf3eecedd28f967) Importer(815301076,1909f56bfc062723c751e8b465ee728b)
Start importing Assets/Project/Prefabs/AllProps2.prefab using Guid(9f4755ccb3d811b4cbf3eecedd28f967) Importer(815301076,1909f56bfc062723c751e8b465ee728b)  -> (artifact id: 'c377ad1f0e333de121d899b7a587ad00') in 0.045202 seconds
Number of updated asset objects reloaded before import = 0
Number of asset objects unloaded after import = 881
========================================================================
Received Import Request.
  Time since last request: 0.000015 seconds.
  path: Assets/Project/Prefabs/Ch11_nonPBR.prefab
  artifactKey: Guid(ef88b5fcd172d274a89c8679b8537003) Importer(815301076,1909f56bfc062723c751e8b465ee728b)
Start importing Assets/Project/Prefabs/Ch11_nonPBR.prefab using Guid(ef88b5fcd172d274a89c8679b8537003) Importer(815301076,1909f56bfc062723c751e8b465ee728b)  -> (artifact id: '5bf6b99a16c0637d6e611d2d8f58bfe1') in 0.039826 seconds
Number of updated asset objects reloaded before import = 0
Number of asset objects unloaded after import = 333
========================================================================
Received Import Request.
  Time since last request: 4.150738 seconds.
  path: Assets/Project/Prefabs/AllProps2.prefab
  artifactKey: Guid(9f4755ccb3d811b4cbf3eecedd28f967) Importer(815301076,1909f56bfc062723c751e8b465ee728b)
Start importing Assets/Project/Prefabs/AllProps2.prefab using Guid(9f4755ccb3d811b4cbf3eecedd28f967) Importer(815301076,1909f56bfc062723c751e8b465ee728b)  -> (artifact id: 'cca34d7889cd0fd7b3eb2b6af8830d1f') in 0.045452 seconds
Number of updated asset objects reloaded before import = 0
Number of asset objects unloaded after import = 881
========================================================================
Received Import Request.
  Time since last request: 0.000013 seconds.
  path: Assets/Project/Prefabs/skull.prefab
  artifactKey: Guid(4f5603dfa660fed498b7d2ea0d96f773) Importer(815301076,1909f56bfc062723c751e8b465ee728b)
Start importing Assets/Project/Prefabs/skull.prefab using Guid(4f5603dfa660fed498b7d2ea0d96f773) Importer(815301076,1909f56bfc062723c751e8b465ee728b)  -> (artifact id: '0b3c1c89d8db5c64d96e91735d252c45') in 0.031268 seconds
Number of updated asset objects reloaded before import = 0
Number of asset objects unloaded after import = 360
========================================================================
Received Import Request.
  Time since last request: 6.580923 seconds.
  path: Assets/Project/Prefabs/AllProps2.prefab
  artifactKey: Guid(9f4755ccb3d811b4cbf3eecedd28f967) Importer(815301076,1909f56bfc062723c751e8b465ee728b)
Start importing Assets/Project/Prefabs/AllProps2.prefab using Guid(9f4755ccb3d811b4cbf3eecedd28f967) Importer(815301076,1909f56bfc062723c751e8b465ee728b)  -> (artifact id: '38ba523603f6469e7fbbd6940b038553') in 0.042145 seconds
Number of updated asset objects reloaded before import = 0
Number of asset objects unloaded after import = 881
========================================================================
Received Import Request.
  Time since last request: 0.000016 seconds.
  path: Assets/Project/Prefabs/Ch11_nonPBR.prefab
  artifactKey: Guid(ef88b5fcd172d274a89c8679b8537003) Importer(815301076,1909f56bfc062723c751e8b465ee728b)
Start importing Assets/Project/Prefabs/Ch11_nonPBR.prefab using Guid(ef88b5fcd172d274a89c8679b8537003) Importer(815301076,1909f56bfc062723c751e8b465ee728b)  -> (artifact id: '82ae004751478d4b686ffb0af804a33a') in 0.027538 seconds
Number of updated asset objects reloaded before import = 0
Number of asset objects unloaded after import = 333
========================================================================
Received Import Request.
  Time since last request: 6.170827 seconds.
  path: Assets/Project/Prefabs/AllProps2.prefab
  artifactKey: Guid(9f4755ccb3d811b4cbf3eecedd28f967) Importer(815301076,1909f56bfc062723c751e8b465ee728b)
Start importing Assets/Project/Prefabs/AllProps2.prefab using Guid(9f4755ccb3d811b4cbf3eecedd28f967) Importer(815301076,1909f56bfc062723c751e8b465ee728b)  -> (artifact id: '1b10b6329927d45f60ccc6eb45f39e35') in 0.054935 seconds
Number of updated asset objects reloaded before import = 0
Number of asset objects unloaded after import = 881
========================================================================
Received Import Request.
  Time since last request: 0.000017 seconds.
  path: Assets/Project/Prefabs/skull.prefab
  artifactKey: Guid(4f5603dfa660fed498b7d2ea0d96f773) Importer(815301076,1909f56bfc062723c751e8b465ee728b)
Start importing Assets/Project/Prefabs/skull.prefab using Guid(4f5603dfa660fed498b7d2ea0d96f773) Importer(815301076,1909f56bfc062723c751e8b465ee728b)  -> (artifact id: '49563e892489debf7828808e13ce39e0') in 0.032698 seconds
Number of updated asset objects reloaded before import = 0
Number of asset objects unloaded after import = 360
========================================================================
Received Import Request.
  Time since last request: 6.361575 seconds.
  path: Assets/Project/Prefabs/AllProps2.prefab
  artifactKey: Guid(9f4755ccb3d811b4cbf3eecedd28f967) Importer(815301076,1909f56bfc062723c751e8b465ee728b)
Start importing Assets/Project/Prefabs/AllProps2.prefab using Guid(9f4755ccb3d811b4cbf3eecedd28f967) Importer(815301076,1909f56bfc062723c751e8b465ee728b)  -> (artifact id: 'a31e318e3a21c96c0c752f026462777f') in 0.055380 seconds
Number of updated asset objects reloaded before import = 0
Number of asset objects unloaded after import = 881
========================================================================
Received Import Request.
  Time since last request: 0.000016 seconds.
  path: Assets/Project/Prefabs/skull.prefab
  artifactKey: Guid(4f5603dfa660fed498b7d2ea0d96f773) Importer(815301076,1909f56bfc062723c751e8b465ee728b)
Start importing Assets/Project/Prefabs/skull.prefab using Guid(4f5603dfa660fed498b7d2ea0d96f773) Importer(815301076,1909f56bfc062723c751e8b465ee728b)  -> (artifact id: '507d953de373ddfb85c3d0af338070bf') in 0.031612 seconds
Number of updated asset objects reloaded before import = 0
Number of asset objects unloaded after import = 360
========================================================================
Received Import Request.
  Time since last request: 20.063112 seconds.
  path: Assets/Project/Prefabs/AllProps2.prefab
  artifactKey: Guid(9f4755ccb3d811b4cbf3eecedd28f967) Importer(815301076,1909f56bfc062723c751e8b465ee728b)
Start importing Assets/Project/Prefabs/AllProps2.prefab using Guid(9f4755ccb3d811b4cbf3eecedd28f967) Importer(815301076,1909f56bfc062723c751e8b465ee728b)  -> (artifact id: '60942002808db89be5e868bceada727e') in 0.054417 seconds
Number of updated asset objects reloaded before import = 0
Number of asset objects unloaded after import = 881
========================================================================
Received Import Request.
  Time since last request: 0.000021 seconds.
  path: Assets/Project/Prefabs/Zombiegirl W Kurniawan.prefab
  artifactKey: Guid(d7411370d71f75848ac8e37297a885e0) Importer(815301076,1909f56bfc062723c751e8b465ee728b)
Start importing Assets/Project/Prefabs/Zombiegirl W Kurniawan.prefab using Guid(d7411370d71f75848ac8e37297a885e0) Importer(815301076,1909f56bfc062723c751e8b465ee728b)  -> (artifact id: '83db1b25528571f4ddd3a8b18bb08ada') in 0.045243 seconds
Number of updated asset objects reloaded before import = 0
Number of asset objects unloaded after import = 649
========================================================================
Received Import Request.
  Time since last request: 8.978037 seconds.
  path: Assets/Project/Prefabs/AllProps2.prefab
  artifactKey: Guid(9f4755ccb3d811b4cbf3eecedd28f967) Importer(815301076,1909f56bfc062723c751e8b465ee728b)
Start importing Assets/Project/Prefabs/AllProps2.prefab using Guid(9f4755ccb3d811b4cbf3eecedd28f967) Importer(815301076,1909f56bfc062723c751e8b465ee728b)  -> (artifact id: '9a9ff04ffceade4e5bf83a1908768d82') in 0.048689 seconds
Number of updated asset objects reloaded before import = 0
Number of asset objects unloaded after import = 881
========================================================================
Received Import Request.
  Time since last request: 0.000015 seconds.
  path: Assets/Project/Prefabs/skull.prefab
  artifactKey: Guid(4f5603dfa660fed498b7d2ea0d96f773) Importer(815301076,1909f56bfc062723c751e8b465ee728b)
Start importing Assets/Project/Prefabs/skull.prefab using Guid(4f5603dfa660fed498b7d2ea0d96f773) Importer(815301076,1909f56bfc062723c751e8b465ee728b)  -> (artifact id: 'f773fb639b627cc891a09de3e89221bf') in 0.032038 seconds
Number of updated asset objects reloaded before import = 0
Number of asset objects unloaded after import = 360
========================================================================
Received Import Request.
  Time since last request: 3.535802 seconds.
  path: Assets/Project/Prefabs/AllProps2.prefab
  artifactKey: Guid(9f4755ccb3d811b4cbf3eecedd28f967) Importer(815301076,1909f56bfc062723c751e8b465ee728b)
Start importing Assets/Project/Prefabs/AllProps2.prefab using Guid(9f4755ccb3d811b4cbf3eecedd28f967) Importer(815301076,1909f56bfc062723c751e8b465ee728b)  -> (artifact id: '0f1bbed0ffff4d132617afd2c63c555f') in 0.052773 seconds
Number of updated asset objects reloaded before import = 0
Number of asset objects unloaded after import = 881
========================================================================
Received Import Request.
  Time since last request: 0.000025 seconds.
  path: Assets/Project/Prefabs/Zombiegirl W Kurniawan.prefab
  artifactKey: Guid(d7411370d71f75848ac8e37297a885e0) Importer(815301076,1909f56bfc062723c751e8b465ee728b)
Start importing Assets/Project/Prefabs/Zombiegirl W Kurniawan.prefab using Guid(d7411370d71f75848ac8e37297a885e0) Importer(815301076,1909f56bfc062723c751e8b465ee728b)  -> (artifact id: 'e91ca660b9a2e4d953464b85af165d5d') in 0.055856 seconds
Number of updated asset objects reloaded before import = 0
Number of asset objects unloaded after import = 649
========================================================================
Received Prepare
Begin MonoManager ReloadAssembly
- Loaded All Assemblies, in  0.390 seconds
Refreshing native plugins compatible for Editor in 5.60 ms, found 3 plugins.
Native extension for WindowsStandalone target not found
Native extension for iOS target not found
Native extension for Android target not found
[Package Manager] Server::EnsureServerProcessIsRunning -- launch failed, reason: Unity was launched with the -noUpm command-line argument
[Package Manager] UpmClient::Send -- Unable to send message (not connected to UPM process).
[Package Manager] Cannot connect to Unity Package Manager local server
Mono: successfully reloaded assembly
[Package Manager] Server::EnsureServerProcessIsRunning -- launch failed, reason: Unity was launched with the -noUpm command-line argument
[Package Manager] UpmClient::Send -- Unable to send message (not connected to UPM process).
[Package Manager] Cannot connect to Unity Package Manager local server
- Finished resetting the current domain, in  0.697 seconds
Domain Reload Profiling: 1085ms
	BeginReloadAssembly (140ms)
		ExecutionOrderSort (0ms)
		DisableScriptedObjects (5ms)
		BackupInstance (0ms)
		ReleaseScriptingObjects (0ms)
		CreateAndSetChildDomain (28ms)
	RebuildCommonClasses (26ms)
	RebuildNativeTypeToScriptingClass (10ms)
	initialDomainReloadingComplete (23ms)
	LoadAllAssembliesAndSetupDomain (189ms)
		LoadAssemblies (246ms)
		RebuildTransferFunctionScriptingTraits (0ms)
		AnalyzeDomain (25ms)
			TypeCache.Refresh (9ms)
				TypeCache.ScanAssembly (1ms)
			ScanForSourceGeneratedMonoScriptInfo (8ms)
			ResolveRequiredComponents (6ms)
	FinalizeReload (697ms)
		ReleaseScriptCaches (0ms)
		RebuildScriptCaches (0ms)
		SetupLoadedEditorAssemblies (360ms)
			LogAssemblyErrors (0ms)
			InitializePlatformSupportModulesInManaged (25ms)
			SetLoadedEditorAssemblies (3ms)
			RefreshPlugins (0ms)
			BeforeProcessingInitializeOnLoad (53ms)
			ProcessInitializeOnLoadAttributes (263ms)
			ProcessInitializeOnLoadMethodAttributes (13ms)
			AfterProcessingInitializeOnLoad (3ms)
			EditorAssembliesLoaded (0ms)
		ExecutionOrderSort2 (0ms)
		AwakeInstancesAfterBackupRestoration (5ms)
Refreshing native plugins compatible for Editor in 3.38 ms, found 3 plugins.
Preloading 0 native plugins for Editor in 0.00 ms.
Unloading 3242 Unused Serialized files (Serialized files now loaded: 0)
Unloading 36 unused Assets / (37.9 KB). Loaded Objects now: 3756.
Memory consumption went from 142.6 MB to 142.6 MB.
Total: 2.574700 ms (FindLiveObjects: 0.208000 ms CreateObjectMapping: 0.123100 ms MarkObjects: 2.188700 ms  DeleteObjects: 0.053900 ms)

Prepare: number of updated asset objects reloaded= 0
AssetImportParameters requested are different than current active one (requested -> active):
  custom:container-demuxer-ogg: 62fdf1f143b41e24485cea50d1cbac27 -> 
  custom:video-decoder-ogg-theora: a1e56fd34408186e4bbccfd4996cb3dc -> 
  custom:framework-win-MediaFoundation: 216162199b28c13a410421893ffa2e32 -> 
  custom:CustomObjectIndexerAttribute: 9a22284fe3817be447336de3de66b15e -> 
  custom:container-demuxer-webm: 4f35f7cbe854078d1ac9338744f61a02 -> 
  custom:container-muxer-webm: aa71ff27fc2769a1b78a27578f13a17b -> 
  custom:video-decoder-webm-vp8: 9c59270c3fd7afecdb556c50c9e8de78 -> 
  custom:SearchIndexIgnoredProperties: e643bd26f0fe6173181afceb89e7c659 -> 
  custom:AudioImporter_EditorPlatform: d09bf68614088b80899f8185d706f6e7 -> 
  custom:scripting/monoscript/fileName/Mermi.cs: f6ce89fed3031794ebe8c5eaa628f55d -> 
  custom:video-encoder-webm-vp8: eb34c28f22e8b96e1ab97ce403110664 -> 
  custom:audio-decoder-ogg-vorbis: bf7c407c2cedff20999df2af8eb42d56 -> 
  custom:audio-encoder-webm-vorbis: bf7c407c2cedff20999df2af8eb42d56 -> 
========================================================================
Received Prepare
Begin MonoManager ReloadAssembly
- Loaded All Assemblies, in  0.398 seconds
Refreshing native plugins compatible for Editor in 2.98 ms, found 3 plugins.
Native extension for WindowsStandalone target not found
Native extension for iOS target not found
Native extension for Android target not found
[Package Manager] Server::EnsureServerProcessIsRunning -- launch failed, reason: Unity was launched with the -noUpm command-line argument
[Package Manager] UpmClient::Send -- Unable to send message (not connected to UPM process).
[Package Manager] Cannot connect to Unity Package Manager local server
Mono: successfully reloaded assembly
[Package Manager] Server::EnsureServerProcessIsRunning -- launch failed, reason: Unity was launched with the -noUpm command-line argument
[Package Manager] UpmClient::Send -- Unable to send message (not connected to UPM process).
[Package Manager] Cannot connect to Unity Package Manager local server
- Finished resetting the current domain, in  0.717 seconds
Domain Reload Profiling: 1113ms
	BeginReloadAssembly (149ms)
		ExecutionOrderSort (0ms)
		DisableScriptedObjects (3ms)
		BackupInstance (0ms)
		ReleaseScriptingObjects (0ms)
		CreateAndSetChildDomain (27ms)
	RebuildCommonClasses (26ms)
	RebuildNativeTypeToScriptingClass (8ms)
	initialDomainReloadingComplete (22ms)
	LoadAllAssembliesAndSetupDomain (191ms)
		LoadAssemblies (257ms)
		RebuildTransferFunctionScriptingTraits (0ms)
		AnalyzeDomain (24ms)
			TypeCache.Refresh (8ms)
				TypeCache.ScanAssembly (1ms)
			ScanForSourceGeneratedMonoScriptInfo (9ms)
			ResolveRequiredComponents (6ms)
	FinalizeReload (717ms)
		ReleaseScriptCaches (0ms)
		RebuildScriptCaches (0ms)
		SetupLoadedEditorAssemblies (386ms)
			LogAssemblyErrors (0ms)
			InitializePlatformSupportModulesInManaged (33ms)
			SetLoadedEditorAssemblies (3ms)
			RefreshPlugins (0ms)
			BeforeProcessingInitializeOnLoad (54ms)
			ProcessInitializeOnLoadAttributes (278ms)
			ProcessInitializeOnLoadMethodAttributes (14ms)
			AfterProcessingInitializeOnLoad (3ms)
			EditorAssembliesLoaded (0ms)
		ExecutionOrderSort2 (0ms)
		AwakeInstancesAfterBackupRestoration (5ms)
Refreshing native plugins compatible for Editor in 2.87 ms, found 3 plugins.
Preloading 0 native plugins for Editor in 0.00 ms.
Unloading 3243 Unused Serialized files (Serialized files now loaded: 0)
Unloading 36 unused Assets / (36.7 KB). Loaded Objects now: 3759.
Memory consumption went from 144.8 MB to 144.8 MB.
Total: 2.147300 ms (FindLiveObjects: 0.177400 ms CreateObjectMapping: 0.078500 ms MarkObjects: 1.843700 ms  DeleteObjects: 0.046800 ms)

Prepare: number of updated asset objects reloaded= 0
AssetImportParameters requested are different than current active one (requested -> active):
  custom:container-demuxer-ogg: 62fdf1f143b41e24485cea50d1cbac27 -> 
  custom:video-decoder-ogg-theora: a1e56fd34408186e4bbccfd4996cb3dc -> 
  custom:framework-win-MediaFoundation: 216162199b28c13a410421893ffa2e32 -> 
  custom:CustomObjectIndexerAttribute: 9a22284fe3817be447336de3de66b15e -> 
  custom:container-demuxer-webm: 4f35f7cbe854078d1ac9338744f61a02 -> 
  custom:container-muxer-webm: aa71ff27fc2769a1b78a27578f13a17b -> 
  custom:video-decoder-webm-vp8: 9c59270c3fd7afecdb556c50c9e8de78 -> 
  custom:SearchIndexIgnoredProperties: e643bd26f0fe6173181afceb89e7c659 -> 
  custom:AudioImporter_EditorPlatform: d09bf68614088b80899f8185d706f6e7 -> 
  custom:scripting/monoscript/fileName/Mermi.cs: f6ce89fed3031794ebe8c5eaa628f55d -> 
  custom:video-encoder-webm-vp8: eb34c28f22e8b96e1ab97ce403110664 -> 
  custom:audio-decoder-ogg-vorbis: bf7c407c2cedff20999df2af8eb42d56 -> 
  custom:audio-encoder-webm-vorbis: bf7c407c2cedff20999df2af8eb42d56 -> 
========================================================================
Received Import Request.
  Time since last request: 227.322471 seconds.
  path: Assets/Project/Prefabs/AllProps.prefab
  artifactKey: Guid(40c859c6c669eba479770b88bade5bfc) Importer(815301076,1909f56bfc062723c751e8b465ee728b)
Start importing Assets/Project/Prefabs/AllProps.prefab using Guid(40c859c6c669eba479770b88bade5bfc) Importer(815301076,1909f56bfc062723c751e8b465ee728b)  -> (artifact id: '8704d0df7ce98271ad5436119680358e') in 0.148798 seconds
Number of updated asset objects reloaded before import = 0
Number of asset objects unloaded after import = 881
========================================================================
Received Import Request.
  Time since last request: 0.000020 seconds.
  path: Assets/Project/Prefabs/pot.prefab
  artifactKey: Guid(91422fa06f8048d42b58ae3ac7cc0334) Importer(815301076,1909f56bfc062723c751e8b465ee728b)
Start importing Assets/Project/Prefabs/pot.prefab using Guid(91422fa06f8048d42b58ae3ac7cc0334) Importer(815301076,1909f56bfc062723c751e8b465ee728b)  -> (artifact id: 'bf6f5461132b515ecf2f778f8f6519c2') in 0.012483 seconds
Number of updated asset objects reloaded before import = 0
Number of asset objects unloaded after import = 21
========================================================================
Received Import Request.
  Time since last request: 0.000024 seconds.
  path: Assets/Project/Prefabs/Bullet.prefab
  artifactKey: Guid(a66530cd87417184ea8c73b2c9d790f2) Importer(815301076,1909f56bfc062723c751e8b465ee728b)
Start importing Assets/Project/Prefabs/Bullet.prefab using Guid(a66530cd87417184ea8c73b2c9d790f2) Importer(815301076,1909f56bfc062723c751e8b465ee728b)  -> (artifact id: 'bda3cb2f8579d74eb2ced6e94a386982') in 0.059118 seconds
Number of updated asset objects reloaded before import = 0
Number of asset objects unloaded after import = 656
========================================================================
Received Import Request.
  Time since last request: 4.152941 seconds.
  path: Assets/Project/Prefabs/AllProps.prefab
  artifactKey: Guid(40c859c6c669eba479770b88bade5bfc) Importer(815301076,1909f56bfc062723c751e8b465ee728b)
Start importing Assets/Project/Prefabs/AllProps.prefab using Guid(40c859c6c669eba479770b88bade5bfc) Importer(815301076,1909f56bfc062723c751e8b465ee728b)  -> (artifact id: '9b61a4eae7d26a2d98c4b0c943614804') in 0.049886 seconds
Number of updated asset objects reloaded before import = 0
Number of asset objects unloaded after import = 881
========================================================================
Received Import Request.
  Time since last request: 1.583010 seconds.
  path: Assets/Project/Prefabs/AllProps.prefab
  artifactKey: Guid(40c859c6c669eba479770b88bade5bfc) Importer(815301076,1909f56bfc062723c751e8b465ee728b)
Start importing Assets/Project/Prefabs/AllProps.prefab using Guid(40c859c6c669eba479770b88bade5bfc) Importer(815301076,1909f56bfc062723c751e8b465ee728b)  -> (artifact id: 'd1f365e0bc05b9ad2c49f35b6d797332') in 0.058129 seconds
Number of updated asset objects reloaded before import = 0
Number of asset objects unloaded after import = 881
========================================================================
Received Import Request.
  Time since last request: 2.924824 seconds.
  path: Assets/Project/Prefabs/Bullet.prefab
  artifactKey: Guid(a66530cd87417184ea8c73b2c9d790f2) Importer(815301076,1909f56bfc062723c751e8b465ee728b)
Start importing Assets/Project/Prefabs/Bullet.prefab using Guid(a66530cd87417184ea8c73b2c9d790f2) Importer(815301076,1909f56bfc062723c751e8b465ee728b)  -> (artifact id: '05cab6fa643d0ff883dd13a67008f675') in 0.049309 seconds
Number of updated asset objects reloaded before import = 0
Number of asset objects unloaded after import = 656
========================================================================
Received Import Request.
  Time since last request: 1.258827 seconds.
  path: Assets/Project/Prefabs/Bullet.prefab
  artifactKey: Guid(a66530cd87417184ea8c73b2c9d790f2) Importer(815301076,1909f56bfc062723c751e8b465ee728b)
Start importing Assets/Project/Prefabs/Bullet.prefab using Guid(a66530cd87417184ea8c73b2c9d790f2) Importer(815301076,1909f56bfc062723c751e8b465ee728b)  -> (artifact id: '8941ece1384966591376159d6f504db7') in 0.050122 seconds
Number of updated asset objects reloaded before import = 0
Number of asset objects unloaded after import = 656
========================================================================
Received Import Request.
  Time since last request: 6.661769 seconds.
  path: Assets/Project/Prefabs/AllProps.prefab
  artifactKey: Guid(40c859c6c669eba479770b88bade5bfc) Importer(815301076,1909f56bfc062723c751e8b465ee728b)
Start importing Assets/Project/Prefabs/AllProps.prefab using Guid(40c859c6c669eba479770b88bade5bfc) Importer(815301076,1909f56bfc062723c751e8b465ee728b)  -> (artifact id: 'f94789aa5124205f0290e23becd635f9') in 0.054779 seconds
Number of updated asset objects reloaded before import = 0
Number of asset objects unloaded after import = 881
========================================================================
Received Import Request.
  Time since last request: 1.179942 seconds.
  path: Assets/Project/Prefabs/AllProps.prefab
  artifactKey: Guid(40c859c6c669eba479770b88bade5bfc) Importer(815301076,1909f56bfc062723c751e8b465ee728b)
Start importing Assets/Project/Prefabs/AllProps.prefab using Guid(40c859c6c669eba479770b88bade5bfc) Importer(815301076,1909f56bfc062723c751e8b465ee728b)  -> (artifact id: '70398052890740243adeab470eb2bd2e') in 0.051633 seconds
Number of updated asset objects reloaded before import = 0
Number of asset objects unloaded after import = 881
========================================================================
Received Prepare
Begin MonoManager ReloadAssembly
- Loaded All Assemblies, in  0.388 seconds
Refreshing native plugins compatible for Editor in 3.40 ms, found 3 plugins.
Native extension for WindowsStandalone target not found
Native extension for iOS target not found
Native extension for Android target not found
[Package Manager] Server::EnsureServerProcessIsRunning -- launch failed, reason: Unity was launched with the -noUpm command-line argument
[Package Manager] UpmClient::Send -- Unable to send message (not connected to UPM process).
[Package Manager] Cannot connect to Unity Package Manager local server
Mono: successfully reloaded assembly
[Package Manager] Server::EnsureServerProcessIsRunning -- launch failed, reason: Unity was launched with the -noUpm command-line argument
[Package Manager] UpmClient::Send -- Unable to send message (not connected to UPM process).
[Package Manager] Cannot connect to Unity Package Manager local server
- Finished resetting the current domain, in  0.760 seconds
Domain Reload Profiling: 1147ms
	BeginReloadAssembly (127ms)
		ExecutionOrderSort (0ms)
		DisableScriptedObjects (3ms)
		BackupInstance (0ms)
		ReleaseScriptingObjects (0ms)
		CreateAndSetChildDomain (29ms)
	RebuildCommonClasses (28ms)
	RebuildNativeTypeToScriptingClass (11ms)
	initialDomainReloadingComplete (27ms)
	LoadAllAssembliesAndSetupDomain (193ms)
		LoadAssemblies (251ms)
		RebuildTransferFunctionScriptingTraits (0ms)
		AnalyzeDomain (11ms)
			TypeCache.Refresh (5ms)
				TypeCache.ScanAssembly (0ms)
			ScanForSourceGeneratedMonoScriptInfo (0ms)
			ResolveRequiredComponents (5ms)
	FinalizeReload (761ms)
		ReleaseScriptCaches (0ms)
		RebuildScriptCaches (0ms)
		SetupLoadedEditorAssemblies (389ms)
			LogAssemblyErrors (0ms)
			InitializePlatformSupportModulesInManaged (28ms)
			SetLoadedEditorAssemblies (4ms)
			RefreshPlugins (0ms)
			BeforeProcessingInitializeOnLoad (57ms)
			ProcessInitializeOnLoadAttributes (278ms)
			ProcessInitializeOnLoadMethodAttributes (16ms)
			AfterProcessingInitializeOnLoad (5ms)
			EditorAssembliesLoaded (0ms)
		ExecutionOrderSort2 (0ms)
		AwakeInstancesAfterBackupRestoration (7ms)
Refreshing native plugins compatible for Editor in 5.53 ms, found 3 plugins.
Preloading 0 native plugins for Editor in 0.00 ms.
Unloading 3242 Unused Serialized files (Serialized files now loaded: 0)
Unloading 36 unused Assets / (36.8 KB). Loaded Objects now: 3763.
Memory consumption went from 146.6 MB to 146.5 MB.
Total: 2.846500 ms (FindLiveObjects: 0.237300 ms CreateObjectMapping: 0.129300 ms MarkObjects: 2.414200 ms  DeleteObjects: 0.064400 ms)

Prepare: number of updated asset objects reloaded= 0
AssetImportParameters requested are different than current active one (requested -> active):
  custom:container-demuxer-ogg: 62fdf1f143b41e24485cea50d1cbac27 -> 
  custom:video-decoder-ogg-theora: a1e56fd34408186e4bbccfd4996cb3dc -> 
  custom:framework-win-MediaFoundation: 216162199b28c13a410421893ffa2e32 -> 
  custom:CustomObjectIndexerAttribute: 9a22284fe3817be447336de3de66b15e -> 
  custom:container-demuxer-webm: 4f35f7cbe854078d1ac9338744f61a02 -> 
  custom:container-muxer-webm: aa71ff27fc2769a1b78a27578f13a17b -> 
  custom:video-decoder-webm-vp8: 9c59270c3fd7afecdb556c50c9e8de78 -> 
  custom:SearchIndexIgnoredProperties: e643bd26f0fe6173181afceb89e7c659 -> 
  custom:AudioImporter_EditorPlatform: d09bf68614088b80899f8185d706f6e7 -> 
  custom:scripting/monoscript/fileName/Mermi.cs: f6ce89fed3031794ebe8c5eaa628f55d -> 
  custom:video-encoder-webm-vp8: eb34c28f22e8b96e1ab97ce403110664 -> 
  custom:audio-decoder-ogg-vorbis: bf7c407c2cedff20999df2af8eb42d56 -> 
  custom:audio-encoder-webm-vorbis: bf7c407c2cedff20999df2af8eb42d56 -> 
========================================================================
Received Import Request.
  Time since last request: 22.994940 seconds.
  path: Assets/Project/Prefabs/Levels
  artifactKey: Guid(0130a9cf34f9f6140a5a7c51bab02c94) Importer(815301076,1909f56bfc062723c751e8b465ee728b)
Start importing Assets/Project/Prefabs/Levels using Guid(0130a9cf34f9f6140a5a7c51bab02c94) Importer(815301076,1909f56bfc062723c751e8b465ee728b)  -> (artifact id: '810857e2858ebf73df2ae570e36a6af7') in 0.002538 seconds
Number of updated asset objects reloaded before import = 0
Number of asset objects unloaded after import = 0
========================================================================
Received Import Request.
  Time since last request: 0.047632 seconds.
  path: Assets/Project/Prefabs/Levels/Level1.prefab
  artifactKey: Guid(906f45ff7f86729448793df54b303042) Importer(815301076,1909f56bfc062723c751e8b465ee728b)
Start importing Assets/Project/Prefabs/Levels/Level1.prefab using Guid(906f45ff7f86729448793df54b303042) Importer(815301076,1909f56bfc062723c751e8b465ee728b)  -> (artifact id: 'f2d7f3b3792b3446a488636c6b17f60d') in 0.104039 seconds
Number of updated asset objects reloaded before import = 0
Number of asset objects unloaded after import = 1327
========================================================================
Received Import Request.
  Time since last request: 45.883188 seconds.
  path: Assets/Project/Scripts/Utils/New Prefab.prefab
  artifactKey: Guid(32e33420759481746b77b35fa0cd3923) Importer(815301076,1909f56bfc062723c751e8b465ee728b)
Start importing Assets/Project/Scripts/Utils/New Prefab.prefab using Guid(32e33420759481746b77b35fa0cd3923) Importer(815301076,1909f56bfc062723c751e8b465ee728b)  -> (artifact id: '0f12a920584557a2ef0d30acc2ce55f0') in 0.002298 seconds
Number of updated asset objects reloaded before import = 0
Number of asset objects unloaded after import = 4
========================================================================
Received Import Request.
  Time since last request: 50.603493 seconds.
  path: Assets/Project/Prefabs/Ch11_nonPBR 1.prefab
  artifactKey: Guid(0f29fb64ab55e3441be1c0f02b4b7e4f) Importer(815301076,1909f56bfc062723c751e8b465ee728b)
Start importing Assets/Project/Prefabs/Ch11_nonPBR 1.prefab using Guid(0f29fb64ab55e3441be1c0f02b4b7e4f) Importer(815301076,1909f56bfc062723c751e8b465ee728b)  -> (artifact id: '52b000669fdf3440364ee809fef20f0c') in 0.048690 seconds
Number of updated asset objects reloaded before import = 0
Number of asset objects unloaded after import = 810
========================================================================
Received Import Request.
  Time since last request: 6.337355 seconds.
  path: Assets/Project/Prefabs/AllProps.prefab
  artifactKey: Guid(40c859c6c669eba479770b88bade5bfc) Importer(815301076,1909f56bfc062723c751e8b465ee728b)
Start importing Assets/Project/Prefabs/AllProps.prefab using Guid(40c859c6c669eba479770b88bade5bfc) Importer(815301076,1909f56bfc062723c751e8b465ee728b)  -> (artifact id: 'a26a3ef01b0fb8f5c8f5fc01a33ce341') in 0.024169 seconds
Number of updated asset objects reloaded before import = 0
Number of asset objects unloaded after import = 550
========================================================================
Received Import Request.
  Time since last request: 0.000018 seconds.
  path: Assets/Project/Prefabs/pot.prefab
  artifactKey: Guid(91422fa06f8048d42b58ae3ac7cc0334) Importer(815301076,1909f56bfc062723c751e8b465ee728b)
Start importing Assets/Project/Prefabs/pot.prefab using Guid(91422fa06f8048d42b58ae3ac7cc0334) Importer(815301076,1909f56bfc062723c751e8b465ee728b)  -> (artifact id: '4c173f4d9a0f2f83525b400ddf2bfbe8') in 0.010166 seconds
Number of updated asset objects reloaded before import = 0
Number of asset objects unloaded after import = 21
========================================================================
Received Import Request.
  Time since last request: 0.000030 seconds.
  path: Assets/Project/Prefabs/rewardcoin.prefab
  artifactKey: Guid(d101b3d0e85230e4680fee2368ee7164) Importer(815301076,1909f56bfc062723c751e8b465ee728b)
Start importing Assets/Project/Prefabs/rewardcoin.prefab using Guid(d101b3d0e85230e4680fee2368ee7164) Importer(815301076,1909f56bfc062723c751e8b465ee728b)  -> (artifact id: '007c6c61ffceeb19742fc2d422e48a9f') in 0.020087 seconds
Number of updated asset objects reloaded before import = 0
Number of asset objects unloaded after import = 20
========================================================================
Received Import Request.
  Time since last request: 0.000018 seconds.
  path: Assets/Project/Prefabs/Ch11_nonPBR 1.prefab
  artifactKey: Guid(0f29fb64ab55e3441be1c0f02b4b7e4f) Importer(815301076,1909f56bfc062723c751e8b465ee728b)
Start importing Assets/Project/Prefabs/Ch11_nonPBR 1.prefab using Guid(0f29fb64ab55e3441be1c0f02b4b7e4f) Importer(815301076,1909f56bfc062723c751e8b465ee728b)  -> (artifact id: 'f9c3f9620b5320b4ecdcfe08000e0a95') in 0.066640 seconds
Number of updated asset objects reloaded before import = 0
Number of asset objects unloaded after import = 649
========================================================================
Received Import Request.
  Time since last request: 3.555503 seconds.
  path: Assets/Project/Prefabs/Ch11_nonPBR 1.prefab
  artifactKey: Guid(0f29fb64ab55e3441be1c0f02b4b7e4f) Importer(815301076,1909f56bfc062723c751e8b465ee728b)
Start importing Assets/Project/Prefabs/Ch11_nonPBR 1.prefab using Guid(0f29fb64ab55e3441be1c0f02b4b7e4f) Importer(815301076,1909f56bfc062723c751e8b465ee728b)  -> (artifact id: '914b9221291f60b0866eabd266309a26') in 0.049894 seconds
Number of updated asset objects reloaded before import = 0
Number of asset objects unloaded after import = 649
========================================================================
Received Import Request.
  Time since last request: 3.000772 seconds.
  path: Assets/Project/Prefabs/AllProps2.prefab
  artifactKey: Guid(9f4755ccb3d811b4cbf3eecedd28f967) Importer(815301076,1909f56bfc062723c751e8b465ee728b)
Start importing Assets/Project/Prefabs/AllProps2.prefab using Guid(9f4755ccb3d811b4cbf3eecedd28f967) Importer(815301076,1909f56bfc062723c751e8b465ee728b)  -> (artifact id: '316277d4eb9de03aefa4169faac950d5') in 0.105093 seconds
Number of updated asset objects reloaded before import = 0
Number of asset objects unloaded after import = 1188
========================================================================
Received Import Request.
  Time since last request: 1.164560 seconds.
  path: Assets/Project/Prefabs/AllProps2.prefab
  artifactKey: Guid(9f4755ccb3d811b4cbf3eecedd28f967) Importer(815301076,1909f56bfc062723c751e8b465ee728b)
Start importing Assets/Project/Prefabs/AllProps2.prefab using Guid(9f4755ccb3d811b4cbf3eecedd28f967) Importer(815301076,1909f56bfc062723c751e8b465ee728b)  -> (artifact id: '5739fa7da10ea0589eb5e530213e73c0') in 0.071837 seconds
Number of updated asset objects reloaded before import = 0
Number of asset objects unloaded after import = 1188
========================================================================
Received Import Request.
  Time since last request: 1.395192 seconds.
  path: Assets/Project/Prefabs/AllProps2.prefab
  artifactKey: Guid(9f4755ccb3d811b4cbf3eecedd28f967) Importer(815301076,1909f56bfc062723c751e8b465ee728b)
Start importing Assets/Project/Prefabs/AllProps2.prefab using Guid(9f4755ccb3d811b4cbf3eecedd28f967) Importer(815301076,1909f56bfc062723c751e8b465ee728b)  -> (artifact id: 'b7e13a0384fed04ed3ea62595ce798d1') in 0.072100 seconds
Number of updated asset objects reloaded before import = 0
Number of asset objects unloaded after import = 1188
========================================================================
Received Import Request.
  Time since last request: 0.000022 seconds.
  path: Assets/Project/Prefabs/Zombiegirl W Kurniawan.prefab
  artifactKey: Guid(d7411370d71f75848ac8e37297a885e0) Importer(815301076,1909f56bfc062723c751e8b465ee728b)
Start importing Assets/Project/Prefabs/Zombiegirl W Kurniawan.prefab using Guid(d7411370d71f75848ac8e37297a885e0) Importer(815301076,1909f56bfc062723c751e8b465ee728b)  -> (artifact id: '4b5bf826680bd7c4fda20e764c658304') in 0.052197 seconds
Number of updated asset objects reloaded before import = 0
Number of asset objects unloaded after import = 649
========================================================================
Received Import Request.
  Time since last request: 1.172110 seconds.
  path: Assets/Project/Prefabs/AllProps2.prefab
  artifactKey: Guid(9f4755ccb3d811b4cbf3eecedd28f967) Importer(815301076,1909f56bfc062723c751e8b465ee728b)
Start importing Assets/Project/Prefabs/AllProps2.prefab using Guid(9f4755ccb3d811b4cbf3eecedd28f967) Importer(815301076,1909f56bfc062723c751e8b465ee728b)  -> (artifact id: '2d9a52b68686d5018cfc3dbb0389d983') in 0.080340 seconds
Number of updated asset objects reloaded before import = 0
Number of asset objects unloaded after import = 1188
========================================================================
Received Import Request.
  Time since last request: 0.000032 seconds.
  path: Assets/Project/Prefabs/Zombiegirl W Kurniawan.prefab
  artifactKey: Guid(d7411370d71f75848ac8e37297a885e0) Importer(815301076,1909f56bfc062723c751e8b465ee728b)
Start importing Assets/Project/Prefabs/Zombiegirl W Kurniawan.prefab using Guid(d7411370d71f75848ac8e37297a885e0) Importer(815301076,1909f56bfc062723c751e8b465ee728b)  -> (artifact id: '3ccf826a24e6c3460fa42a995758d753') in 0.061500 seconds
Number of updated asset objects reloaded before import = 0
Number of asset objects unloaded after import = 649
========================================================================
Received Import Request.
  Time since last request: 1.801686 seconds.
  path: Assets/Project/Prefabs/AllProps2.prefab
  artifactKey: Guid(9f4755ccb3d811b4cbf3eecedd28f967) Importer(815301076,1909f56bfc062723c751e8b465ee728b)
Start importing Assets/Project/Prefabs/AllProps2.prefab using Guid(9f4755ccb3d811b4cbf3eecedd28f967) Importer(815301076,1909f56bfc062723c751e8b465ee728b)  -> (artifact id: 'dbf8da64d130f2a0ee1a16e307c22bfd') in 0.061967 seconds
Number of updated asset objects reloaded before import = 0
Number of asset objects unloaded after import = 1188
========================================================================
Received Import Request.
  Time since last request: 1.184088 seconds.
  path: Assets/Project/Prefabs/AllProps2.prefab
  artifactKey: Guid(9f4755ccb3d811b4cbf3eecedd28f967) Importer(815301076,1909f56bfc062723c751e8b465ee728b)
Start importing Assets/Project/Prefabs/AllProps2.prefab using Guid(9f4755ccb3d811b4cbf3eecedd28f967) Importer(815301076,1909f56bfc062723c751e8b465ee728b)  -> (artifact id: '6d42749c345a7eb49ea6a782417f3eda') in 0.065839 seconds
Number of updated asset objects reloaded before import = 0
Number of asset objects unloaded after import = 1188
========================================================================
Received Import Request.
  Time since last request: 3.598083 seconds.
  path: Assets/Project/Prefabs/AllProps2.prefab
  artifactKey: Guid(9f4755ccb3d811b4cbf3eecedd28f967) Importer(815301076,1909f56bfc062723c751e8b465ee728b)
Start importing Assets/Project/Prefabs/AllProps2.prefab using Guid(9f4755ccb3d811b4cbf3eecedd28f967) Importer(815301076,1909f56bfc062723c751e8b465ee728b)  -> (artifact id: 'db6300062267cc0c98e5f347331ae324') in 0.063662 seconds
Number of updated asset objects reloaded before import = 0
Number of asset objects unloaded after import = 1188
========================================================================
Received Import Request.
  Time since last request: 2.596390 seconds.
  path: Assets/Project/Prefabs/AllProps2.prefab
  artifactKey: Guid(9f4755ccb3d811b4cbf3eecedd28f967) Importer(815301076,1909f56bfc062723c751e8b465ee728b)
Start importing Assets/Project/Prefabs/AllProps2.prefab using Guid(9f4755ccb3d811b4cbf3eecedd28f967) Importer(815301076,1909f56bfc062723c751e8b465ee728b)  -> (artifact id: '7af7bd42579a228188ae5f7249164651') in 0.062967 seconds
Number of updated asset objects reloaded before import = 0
Number of asset objects unloaded after import = 1188
========================================================================
Received Import Request.
  Time since last request: 2.971232 seconds.
  path: Assets/Project/Prefabs/AllProps2.prefab
  artifactKey: Guid(9f4755ccb3d811b4cbf3eecedd28f967) Importer(815301076,1909f56bfc062723c751e8b465ee728b)
Start importing Assets/Project/Prefabs/AllProps2.prefab using Guid(9f4755ccb3d811b4cbf3eecedd28f967) Importer(815301076,1909f56bfc062723c751e8b465ee728b)  -> (artifact id: '0bc0c55c34a9539fdb51fa600d432e85') in 0.114636 seconds
Number of updated asset objects reloaded before import = 0
Number of asset objects unloaded after import = 1188
========================================================================
Received Import Request.
  Time since last request: 0.000021 seconds.
  path: Assets/Project/Prefabs/rewardcoin.prefab
  artifactKey: Guid(d101b3d0e85230e4680fee2368ee7164) Importer(815301076,1909f56bfc062723c751e8b465ee728b)
Start importing Assets/Project/Prefabs/rewardcoin.prefab using Guid(d101b3d0e85230e4680fee2368ee7164) Importer(815301076,1909f56bfc062723c751e8b465ee728b)  -> (artifact id: '508c60e84a8328e2474d2c5040b938fd') in 0.085911 seconds
Number of updated asset objects reloaded before import = 0
Number of asset objects unloaded after import = 649
========================================================================
Received Prepare
Begin MonoManager ReloadAssembly
- Loaded All Assemblies, in  0.414 seconds
Refreshing native plugins compatible for Editor in 4.20 ms, found 3 plugins.
Native extension for WindowsStandalone target not found
Native extension for iOS target not found
Native extension for Android target not found
[Package Manager] Server::EnsureServerProcessIsRunning -- launch failed, reason: Unity was launched with the -noUpm command-line argument
[Package Manager] UpmClient::Send -- Unable to send message (not connected to UPM process).
[Package Manager] Cannot connect to Unity Package Manager local server
Mono: successfully reloaded assembly
[Package Manager] Server::EnsureServerProcessIsRunning -- launch failed, reason: Unity was launched with the -noUpm command-line argument
[Package Manager] UpmClient::Send -- Unable to send message (not connected to UPM process).
[Package Manager] Cannot connect to Unity Package Manager local server
- Finished resetting the current domain, in  0.781 seconds
Domain Reload Profiling: 1193ms
	BeginReloadAssembly (148ms)
		ExecutionOrderSort (0ms)
		DisableScriptedObjects (3ms)
		BackupInstance (0ms)
		ReleaseScriptingObjects (0ms)
		CreateAndSetChildDomain (33ms)
	RebuildCommonClasses (29ms)
	RebuildNativeTypeToScriptingClass (8ms)
	initialDomainReloadingComplete (21ms)
	LoadAllAssembliesAndSetupDomain (205ms)
		LoadAssemblies (275ms)
		RebuildTransferFunctionScriptingTraits (0ms)
		AnalyzeDomain (14ms)
			TypeCache.Refresh (6ms)
				TypeCache.ScanAssembly (0ms)
			ScanForSourceGeneratedMonoScriptInfo (0ms)
			ResolveRequiredComponents (7ms)
	FinalizeReload (781ms)
		ReleaseScriptCaches (0ms)
		RebuildScriptCaches (0ms)
		SetupLoadedEditorAssemblies (429ms)
			LogAssemblyErrors (0ms)
			InitializePlatformSupportModulesInManaged (34ms)
			SetLoadedEditorAssemblies (4ms)
			RefreshPlugins (0ms)
			BeforeProcessingInitializeOnLoad (54ms)
			ProcessInitializeOnLoadAttributes (311ms)
			ProcessInitializeOnLoadMethodAttributes (20ms)
			AfterProcessingInitializeOnLoad (5ms)
			EditorAssembliesLoaded (0ms)
		ExecutionOrderSort2 (0ms)
		AwakeInstancesAfterBackupRestoration (6ms)
Refreshing native plugins compatible for Editor in 4.30 ms, found 3 plugins.
Preloading 0 native plugins for Editor in 0.00 ms.
Unloading 3242 Unused Serialized files (Serialized files now loaded: 0)
Unloading 36 unused Assets / (36.8 KB). Loaded Objects now: 3766.
Memory consumption went from 149.0 MB to 149.0 MB.
Total: 2.670600 ms (FindLiveObjects: 0.214400 ms CreateObjectMapping: 0.085100 ms MarkObjects: 2.320100 ms  DeleteObjects: 0.049900 ms)

Prepare: number of updated asset objects reloaded= 0
AssetImportParameters requested are different than current active one (requested -> active):
  custom:container-demuxer-ogg: 62fdf1f143b41e24485cea50d1cbac27 -> 
  custom:video-decoder-ogg-theora: a1e56fd34408186e4bbccfd4996cb3dc -> 
  custom:framework-win-MediaFoundation: 216162199b28c13a410421893ffa2e32 -> 
  custom:CustomObjectIndexerAttribute: 9a22284fe3817be447336de3de66b15e -> 
  custom:container-demuxer-webm: 4f35f7cbe854078d1ac9338744f61a02 -> 
  custom:container-muxer-webm: aa71ff27fc2769a1b78a27578f13a17b -> 
  custom:video-decoder-webm-vp8: 9c59270c3fd7afecdb556c50c9e8de78 -> 
  custom:SearchIndexIgnoredProperties: e643bd26f0fe6173181afceb89e7c659 -> 
  custom:AudioImporter_EditorPlatform: d09bf68614088b80899f8185d706f6e7 -> 
  custom:scripting/monoscript/fileName/Mermi.cs: f6ce89fed3031794ebe8c5eaa628f55d -> 
  custom:video-encoder-webm-vp8: eb34c28f22e8b96e1ab97ce403110664 -> 
  custom:audio-decoder-ogg-vorbis: bf7c407c2cedff20999df2af8eb42d56 -> 
  custom:audio-encoder-webm-vorbis: bf7c407c2cedff20999df2af8eb42d56 -> 
Editor requested this worker to shutdown with reason: Scaling down because of idle timeout
TcpMessagingSession - receive error: operation aborted. errorcode: 995, details: Bir i parac k veya bir uygulama istei nedeniyle G/ ilemi iptal edildi.
AssetImportWorker is now disconnected from the server
Process exiting
Exiting without the bug reporter. Application will terminate with return code 0